[0.014s] Invoking command in '/home/ALEX/3dev/ros/build/test_cpp_pkg': CMAKE_PREFIX_PATH=${CMAKE_PREFIX_PATH}:/home/ALEX/3dev/ros/install/test_py_pkg:/opt/ros/humble /usr/bin/cmake --build /home/ALEX/3dev/ros/build/test_cpp_pkg -- -j12 -l12
[0.050s] [35m[1mConsolidate compiler generated dependencies of target test_client_nop[0m
[0.057s] [  7%] [32m[1mLinking CXX executable test_client_op[0m
[0.059s] [ 21%] Built target test_node
[0.059s] [ 35%] Built target test_server
[0.059s] [ 50%] Built target test_publisher
[0.060s] [ 64%] Built target number_publisher
[0.062s] [ 78%] Built target test_listener
[0.067s] [ 85%] [32mBuilding CXX object CMakeFiles/test_client_nop.dir/src/test_client_nop.cpp.o[0m
[0.114s] /usr/bin/ld: /usr/lib/gcc/x86_64-linux-gnu/11/../../../x86_64-linux-gnu/Scrt1.o: in function `_start':
[0.114s] (.text+0x1b): undefined reference to `main'
[0.116s] collect2: error: ld returned 1 exit status
[0.117s] gmake[2]: *** [CMakeFiles/test_client_op.dir/build.make:175: test_client_op] Error 1
[0.117s] gmake[1]: *** [CMakeFiles/Makefile2:279: CMakeFiles/test_client_op.dir/all] Error 2
[0.117s] gmake[1]: *** Waiting for unfinished jobs....
[2.116s] [01m[K/home/ALEX/3dev/ros/src/test_cpp_pkg/src/test_client_nop.cpp:[m[K In function â€˜[01m[Kint main(int, char**)[m[Kâ€™:
[2.116s] [01m[K/home/ALEX/3dev/ros/src/test_cpp_pkg/src/test_client_nop.cpp:20:80:[m[K [01;31m[Kerror: [m[Kâ€˜[01m[Krclcpp::executors::FutureReturnCode[m[Kâ€™ has not been declared
[2.116s]    20 |     if (rclcpp::spin_until_future_complete(node, future) == rclcpp::executors::[01;31m[KFutureReturnCode[m[K::SUCCESS){
[2.116s]       |                                                                                [01;31m[K^~~~~~~~~~~~~~~~[m[K
[2.638s] gmake[2]: *** [CMakeFiles/test_client_nop.dir/build.make:76: CMakeFiles/test_client_nop.dir/src/test_client_nop.cpp.o] Error 1
[2.639s] gmake[1]: *** [CMakeFiles/Makefile2:253: CMakeFiles/test_client_nop.dir/all] Error 2
[2.639s] gmake: *** [Makefile:146: all] Error 2
[2.640s] Invoked command in '/home/ALEX/3dev/ros/build/test_cpp_pkg' returned '2': CMAKE_PREFIX_PATH=${CMAKE_PREFIX_PATH}:/home/ALEX/3dev/ros/install/test_py_pkg:/opt/ros/humble /usr/bin/cmake --build /home/ALEX/3dev/ros/build/test_cpp_pkg -- -j12 -l12
