-- Found OpenCV version 4.5.4
-- Found ament_cmake: 1.3.2 (/opt/ros/humble/share/ament_cmake/cmake)
-- Found camera_calibration_parsers: 3.1.5 (/opt/ros/humble/share/camera_calibration_parsers/cmake)
-- Found rosidl_generator_c: 3.1.3 (/opt/ros/humble/share/rosidl_generator_c/cmake)
-- Found rosidl_adapter: 3.1.3 (/opt/ros/humble/share/rosidl_adapter/cmake)
-- Found rosidl_generator_cpp: 3.1.3 (/opt/ros/humble/share/rosidl_generator_cpp/cmake)
-- Using all available rosidl_typesupport_c: rosidl_typesupport_fastrtps_c;rosidl_typesupport_introspection_c
-- Using all available rosidl_typesupport_cpp: rosidl_typesupport_fastrtps_cpp;rosidl_typesupport_introspection_cpp
-- Found rmw_implementation_cmake: 6.1.0 (/opt/ros/humble/share/rmw_implementation_cmake/cmake)
-- Found rmw_fastrtps_cpp: 6.2.1 (/opt/ros/humble/share/rmw_fastrtps_cpp/cmake)
-- Using RMW implementation 'rmw_fastrtps_cpp' as default
-- Found class_loader: 2.2.0 (/opt/ros/humble/share/class_loader/cmake)
-- Found rclcpp_components: 16.0.1 (/opt/ros/humble/share/rclcpp_components/cmake)
-- Found ros2_shared: 0.1.0 (/home/ALEX/3dev/ros/install/ros2_shared/share/ros2_shared/cmake)
-- Configuring done
-- Generating done
-- Build files have been written to: /home/ALEX/3dev/ros/build/opencv_cam
[35m[1mConsolidate compiler generated dependencies of target subscriber_node[0m
[ 12%] [32mBuilding CXX object CMakeFiles/opencv_cam_node.dir/src/opencv_cam_node.cpp.o[0m
[ 25%] [32mBuilding CXX object CMakeFiles/subscriber_node.dir/src/subscriber_node.cpp.o[0m
In file included from [01m[K/home/ALEX/3dev/ros/src/opencv_cam/include/opencv_cam/opencv_cam_node.hpp:10[m[K,
                 from [01m[K/home/ALEX/3dev/ros/src/opencv_cam/src/opencv_cam_node.cpp:1[m[K:
[01m[K/home/ALEX/3dev/ros/src/opencv_cam/include/opencv_cam/camera_context.hpp:7:10:[m[K [01;31m[Kfatal error: [m[Kros2_shared/context_macros.hpp: No such file or directory
    7 | #include [01;31m[K"ros2_shared/context_macros.hpp"[m[K
      |          [01;31m[K^~~~~~~~~~~~~~~~~~~~~~~~~~~~~~~~[m[K
compilation terminated.
gmake[2]: *** [CMakeFiles/opencv_cam_node.dir/build.make:76: CMakeFiles/opencv_cam_node.dir/src/opencv_cam_node.cpp.o] Error 1
gmake[1]: *** [CMakeFiles/Makefile2:143: CMakeFiles/opencv_cam_node.dir/all] Error 2
gmake[1]: *** Waiting for unfinished jobs....
[ 37%] [32m[1mLinking CXX shared library libsubscriber_node.so[0m
[ 37%] Built target subscriber_node
gmake: *** [Makefile:146: all] Error 2
