[0.014s] Invoking command in '/home/ALEX/anytrack/ros/build/scanner_interfaces': CMAKE_PREFIX_PATH=${CMAKE_PREFIX_PATH}:/home/ALEX/anytrack/ros/install/test_py_pkg:/home/ALEX/anytrack/ros/install/scannerV2:/home/ALEX/anytrack/ros/install/scanner:/home/ALEX/anytrack/ros/install/anytrack:/opt/ros/humble /usr/bin/cmake --build /home/ALEX/anytrack/ros/build/scanner_interfaces -- -j12 -l12
[0.034s] -- Found ament_cmake: 1.3.4 (/opt/ros/humble/share/ament_cmake/cmake)
[0.170s] -- Found rosidl_default_generators: 1.2.0 (/opt/ros/humble/share/rosidl_default_generators/cmake)
[0.172s] -- Using all available rosidl_typesupport_c: rosidl_typesupport_fastrtps_c;rosidl_typesupport_introspection_c
[0.175s] -- Found rosidl_adapter: 3.1.4 (/opt/ros/humble/share/rosidl_adapter/cmake)
[0.206s] -- Using all available rosidl_typesupport_cpp: rosidl_typesupport_fastrtps_cpp;rosidl_typesupport_introspection_cpp
[0.233s] -- Found std_msgs: 4.2.3 (/opt/ros/humble/share/std_msgs/cmake)
[0.533s] -- Found ament_cmake_ros: 0.10.0 (/opt/ros/humble/share/ament_cmake_ros/cmake)
[0.702s] -- Using all available rosidl_typesupport_c: rosidl_typesupport_fastrtps_c;rosidl_typesupport_introspection_c
[0.919s] -- Using all available rosidl_typesupport_cpp: rosidl_typesupport_fastrtps_cpp;rosidl_typesupport_introspection_cpp
[0.940s] -- Found python_cmake_module: 0.10.0 (/opt/ros/humble/share/python_cmake_module/cmake)
[0.961s] -- Using PYTHON_EXECUTABLE: /usr/bin/python3
[0.961s] -- Using PYTHON_INCLUDE_DIRS: /usr/include/python3.10
[0.961s] -- Using PYTHON_LIBRARIES: /usr/lib/x86_64-linux-gnu/libpython3.10.so
[0.977s] -- Configuring done
[1.006s] -- Generating done
[1.009s] -- Build files have been written to: /home/ALEX/anytrack/ros/build/scanner_interfaces
[1.029s] [  1%] [34m[1mGenerating C code for ROS interfaces[0m
[1.037s] [  3%] [34m[1mGenerating C++ code for ROS interfaces[0m
[1.045s] [  3%] Built target ament_cmake_python_copy_scanner_interfaces
[1.287s] running egg_info
[1.287s] writing scanner_interfaces.egg-info/PKG-INFO
[1.287s] writing dependency_links to scanner_interfaces.egg-info/dependency_links.txt
[1.287s] writing top-level names to scanner_interfaces.egg-info/top_level.txt
[1.289s] reading manifest file 'scanner_interfaces.egg-info/SOURCES.txt'
[1.290s] writing manifest file 'scanner_interfaces.egg-info/SOURCES.txt'
[1.313s] [  3%] Built target ament_cmake_python_build_scanner_interfaces_egg
[1.456s] [  3%] Built target scanner_interfaces__cpp
[1.467s] [  5%] [34m[1mGenerating C++ type support for eProsima Fast-RTPS[0m
[1.467s] [  7%] [34m[1mGenerating C++ introspection for ROS interfaces[0m
[1.467s] [  9%] [34m[1mGenerating C++ type support dispatch for ROS interfaces[0m
[1.492s] [35m[1mConsolidate compiler generated dependencies of target scanner_interfaces__rosidl_generator_c[0m
[1.503s] [ 12%] [32mBuilding C object CMakeFiles/scanner_interfaces__rosidl_generator_c.dir/rosidl_generator_c/scanner_interfaces/msg/detail/object__functions.c.o[0m
[1.503s] [ 12%] [32mBuilding C object CMakeFiles/scanner_interfaces__rosidl_generator_c.dir/rosidl_generator_c/scanner_interfaces/msg/detail/camera_locations__functions.c.o[0m
[1.505s] [ 14%] [32mBuilding C object CMakeFiles/scanner_interfaces__rosidl_generator_c.dir/rosidl_generator_c/scanner_interfaces/msg/detail/tracks__functions.c.o[0m
[1.506s] [ 16%] [32mBuilding C object CMakeFiles/scanner_interfaces__rosidl_generator_c.dir/rosidl_generator_c/scanner_interfaces/msg/detail/location__functions.c.o[0m
[1.521s] In file included from [01m[K/home/ALEX/anytrack/ros/build/scanner_interfaces/rosidl_generator_c/scanner_interfaces/msg/detail/tracks__functions.h:19[m[K,
[1.522s]                  from [01m[K/home/ALEX/anytrack/ros/build/scanner_interfaces/rosidl_generator_c/scanner_interfaces/msg/detail/tracks__functions.c:4[m[K:
[1.522s] [01m[K/home/ALEX/anytrack/ros/build/scanner_interfaces/rosidl_generator_c/scanner_interfaces/msg/detail/tracks__struct.h:22:10:[m[K [01;31m[Kfatal error: [m[Kstd_msgs/msg/detail/header__struct.h: No such file or directory
[1.522s]    22 | #include [01;31m[K"std_msgs/msg/detail/header__struct.h"[m[K
[1.522s]       |          [01;31m[K^~~~~~~~~~~~~~~~~~~~~~~~~~~~~~~~~~~~~~[m[K
[1.522s] compilation terminated.
[1.523s] gmake[2]: *** [CMakeFiles/scanner_interfaces__rosidl_generator_c.dir/build.make:167: CMakeFiles/scanner_interfaces__rosidl_generator_c.dir/rosidl_generator_c/scanner_interfaces/msg/detail/tracks__functions.c.o] Error 1
[1.523s] gmake[2]: *** Waiting for unfinished jobs....
[1.550s] gmake[1]: *** [CMakeFiles/Makefile2:213: CMakeFiles/scanner_interfaces__rosidl_generator_c.dir/all] Error 2
[1.550s] gmake[1]: *** Waiting for unfinished jobs....
[1.797s] [35m[1mConsolidate compiler generated dependencies of target scanner_interfaces__rosidl_typesupport_cpp[0m
[1.811s] [ 18%] [32mBuilding CXX object CMakeFiles/scanner_interfaces__rosidl_typesupport_cpp.dir/rosidl_typesupport_cpp/scanner_interfaces/msg/location__type_support.cpp.o[0m
[1.812s] [ 20%] [32mBuilding CXX object CMakeFiles/scanner_interfaces__rosidl_typesupport_cpp.dir/rosidl_typesupport_cpp/scanner_interfaces/msg/tracks__type_support.cpp.o[0m
[1.812s] [ 23%] [32mBuilding CXX object CMakeFiles/scanner_interfaces__rosidl_typesupport_cpp.dir/rosidl_typesupport_cpp/scanner_interfaces/msg/object__type_support.cpp.o[0m
[1.812s] [ 23%] [32mBuilding CXX object CMakeFiles/scanner_interfaces__rosidl_typesupport_cpp.dir/rosidl_typesupport_cpp/scanner_interfaces/msg/camera_locations__type_support.cpp.o[0m
[1.832s] [35m[1mConsolidate compiler generated dependencies of target scanner_interfaces__rosidl_typesupport_introspection_cpp[0m
[1.849s] [ 25%] [32mBuilding CXX object CMakeFiles/scanner_interfaces__rosidl_typesupport_introspection_cpp.dir/rosidl_typesupport_introspection_cpp/scanner_interfaces/msg/detail/tracks__type_support.cpp.o[0m
[1.850s] [ 27%] [32mBuilding CXX object CMakeFiles/scanner_interfaces__rosidl_typesupport_introspection_cpp.dir/rosidl_typesupport_introspection_cpp/scanner_interfaces/msg/detail/location__type_support.cpp.o[0m
[1.850s] [ 29%] [32mBuilding CXX object CMakeFiles/scanner_interfaces__rosidl_typesupport_introspection_cpp.dir/rosidl_typesupport_introspection_cpp/scanner_interfaces/msg/detail/camera_locations__type_support.cpp.o[0m
[1.851s] [ 30%] [32mBuilding CXX object CMakeFiles/scanner_interfaces__rosidl_typesupport_introspection_cpp.dir/rosidl_typesupport_introspection_cpp/scanner_interfaces/msg/detail/object__type_support.cpp.o[0m
[1.868s] In file included from [01m[K/home/ALEX/anytrack/ros/build/scanner_interfaces/rosidl_typesupport_cpp/scanner_interfaces/msg/tracks__type_support.cpp:7[m[K:
[1.868s] [01m[K/home/ALEX/anytrack/ros/build/scanner_interfaces/rosidl_generator_cpp/scanner_interfaces/msg/detail/tracks__struct.hpp:20:10:[m[K [01;31m[Kfatal error: [m[Kstd_msgs/msg/detail/header__struct.hpp: No such file or directory
[1.869s]    20 | #include [01;31m[K"std_msgs/msg/detail/header__struct.hpp"[m[K
[1.869s]       |          [01;31m[K^~~~~~~~~~~~~~~~~~~~~~~~~~~~~~~~~~~~~~~~[m[K
[1.869s] compilation terminated.
[1.870s] gmake[2]: *** [CMakeFiles/scanner_interfaces__rosidl_typesupport_cpp.dir/build.make:112: CMakeFiles/scanner_interfaces__rosidl_typesupport_cpp.dir/rosidl_typesupport_cpp/scanner_interfaces/msg/tracks__type_support.cpp.o] Error 1
[1.870s] gmake[2]: *** Waiting for unfinished jobs....
[1.902s] [35m[1mConsolidate compiler generated dependencies of target scanner_interfaces__rosidl_typesupport_fastrtps_cpp[0m
[1.923s] [ 32%] [32mBuilding CXX object CMakeFiles/scanner_interfaces__rosidl_typesupport_fastrtps_cpp.dir/rosidl_typesupport_fastrtps_cpp/scanner_interfaces/msg/detail/dds_fastrtps/object__type_support.cpp.o[0m
[1.923s] [ 34%] [32mBuilding CXX object CMakeFiles/scanner_interfaces__rosidl_typesupport_fastrtps_cpp.dir/rosidl_typesupport_fastrtps_cpp/scanner_interfaces/msg/detail/dds_fastrtps/tracks__type_support.cpp.o[0m
[1.925s] [ 36%] [32mBuilding CXX object CMakeFiles/scanner_interfaces__rosidl_typesupport_fastrtps_cpp.dir/rosidl_typesupport_fastrtps_cpp/scanner_interfaces/msg/detail/dds_fastrtps/location__type_support.cpp.o[0m
[1.926s] [ 38%] [32mBuilding CXX object CMakeFiles/scanner_interfaces__rosidl_typesupport_fastrtps_cpp.dir/rosidl_typesupport_fastrtps_cpp/scanner_interfaces/msg/detail/dds_fastrtps/camera_locations__type_support.cpp.o[0m
[1.945s] In file included from [01m[K/home/ALEX/anytrack/ros/build/scanner_interfaces/rosidl_typesupport_introspection_cpp/scanner_interfaces/msg/detail/tracks__type_support.cpp:12[m[K:
[1.945s] [01m[K/home/ALEX/anytrack/ros/build/scanner_interfaces/rosidl_generator_cpp/scanner_interfaces/msg/detail/tracks__struct.hpp:20:10:[m[K [01;31m[Kfatal error: [m[Kstd_msgs/msg/detail/header__struct.hpp: No such file or directory
[1.945s]    20 | #include [01;31m[K"std_msgs/msg/detail/header__struct.hpp"[m[K
[1.945s]       |          [01;31m[K^~~~~~~~~~~~~~~~~~~~~~~~~~~~~~~~~~~~~~~~[m[K
[1.945s] compilation terminated.
[1.948s] gmake[2]: *** [CMakeFiles/scanner_interfaces__rosidl_typesupport_introspection_cpp.dir/build.make:126: CMakeFiles/scanner_interfaces__rosidl_typesupport_introspection_cpp.dir/rosidl_typesupport_introspection_cpp/scanner_interfaces/msg/detail/tracks__type_support.cpp.o] Error 1
[1.948s] gmake[2]: *** Waiting for unfinished jobs....
[2.005s] In file included from [01m[K/home/ALEX/anytrack/ros/build/scanner_interfaces/rosidl_typesupport_fastrtps_cpp/scanner_interfaces/msg/detail/tracks__rosidl_typesupport_fastrtps_cpp.hpp:11[m[K,
[2.005s]                  from [01m[K/home/ALEX/anytrack/ros/build/scanner_interfaces/rosidl_typesupport_fastrtps_cpp/scanner_interfaces/msg/detail/dds_fastrtps/tracks__type_support.cpp:4[m[K:
[2.005s] [01m[K/home/ALEX/anytrack/ros/build/scanner_interfaces/rosidl_generator_cpp/scanner_interfaces/msg/detail/tracks__struct.hpp:20:10:[m[K [01;31m[Kfatal error: [m[Kstd_msgs/msg/detail/header__struct.hpp: No such file or directory
[2.005s]    20 | #include [01;31m[K"std_msgs/msg/detail/header__struct.hpp"[m[K
[2.005s]       |          [01;31m[K^~~~~~~~~~~~~~~~~~~~~~~~~~~~~~~~~~~~~~~~[m[K
[2.005s] compilation terminated.
[2.006s] gmake[2]: *** [CMakeFiles/scanner_interfaces__rosidl_typesupport_fastrtps_cpp.dir/build.make:126: CMakeFiles/scanner_interfaces__rosidl_typesupport_fastrtps_cpp.dir/rosidl_typesupport_fastrtps_cpp/scanner_interfaces/msg/detail/dds_fastrtps/tracks__type_support.cpp.o] Error 1
[2.006s] gmake[2]: *** Waiting for unfinished jobs....
[2.147s] gmake[1]: *** [CMakeFiles/Makefile2:395: CMakeFiles/scanner_interfaces__rosidl_typesupport_cpp.dir/all] Error 2
[2.311s] gmake[1]: *** [CMakeFiles/Makefile2:369: CMakeFiles/scanner_interfaces__rosidl_typesupport_introspection_cpp.dir/all] Error 2
[2.415s] gmake[1]: *** [CMakeFiles/Makefile2:343: CMakeFiles/scanner_interfaces__rosidl_typesupport_fastrtps_cpp.dir/all] Error 2
[2.415s] gmake: *** [Makefile:146: all] Error 2
[2.416s] Invoked command in '/home/ALEX/anytrack/ros/build/scanner_interfaces' returned '2': CMAKE_PREFIX_PATH=${CMAKE_PREFIX_PATH}:/home/ALEX/anytrack/ros/install/test_py_pkg:/home/ALEX/anytrack/ros/install/scannerV2:/home/ALEX/anytrack/ros/install/scanner:/home/ALEX/anytrack/ros/install/anytrack:/opt/ros/humble /usr/bin/cmake --build /home/ALEX/anytrack/ros/build/scanner_interfaces -- -j12 -l12
