[0.015s] Invoking command in '/home/ALEX/anytrack/ros/build/scanner_interfaces': CMAKE_PREFIX_PATH=${CMAKE_PREFIX_PATH}:/home/ALEX/anytrack/ros/install/test_py_pkg:/home/ALEX/anytrack/ros/install/scannerV2:/home/ALEX/anytrack/ros/install/scanner:/home/ALEX/anytrack/ros/install/anytrack:/opt/ros/humble /usr/bin/cmake --build /home/ALEX/anytrack/ros/build/scanner_interfaces -- -j12 -l12
[0.036s] -- Found ament_cmake: 1.3.4 (/opt/ros/humble/share/ament_cmake/cmake)
[0.169s] -- Found rosidl_default_generators: 1.2.0 (/opt/ros/humble/share/rosidl_default_generators/cmake)
[0.171s] -- Using all available rosidl_typesupport_c: rosidl_typesupport_fastrtps_c;rosidl_typesupport_introspection_c
[0.174s] -- Found rosidl_adapter: 3.1.4 (/opt/ros/humble/share/rosidl_adapter/cmake)
[0.205s] -- Using all available rosidl_typesupport_cpp: rosidl_typesupport_fastrtps_cpp;rosidl_typesupport_introspection_cpp
[0.335s] [31mCMake Error at /opt/ros/humble/share/rosidl_adapter/cmake/rosidl_adapt_interfaces.cmake:59 (message):
[0.335s]   execute_process(/usr/bin/python3.10 -m rosidl_adapter --package-name
[0.335s]   scanner_interfaces --arguments-file
[0.335s]   /home/ALEX/anytrack/ros/build/scanner_interfaces/rosidl_adapter__arguments__scanner_interfaces.json
[0.335s]   --output-dir
[0.335s]   /home/ALEX/anytrack/ros/build/scanner_interfaces/rosidl_adapter/scanner_interfaces
[0.335s]   --output-file
[0.335s]   /home/ALEX/anytrack/ros/build/scanner_interfaces/rosidl_adapter/scanner_interfaces.idls)
[0.335s]   returned error code 1:
[0.335s] 
[0.335s]   Error processing ' builtin_interfaces/Time stamp' of
[0.335s]   'scanner_interfaces/Tracks': 'string index out of range'
[0.335s] 
[0.335s]   Traceback (most recent call last):
[0.335s] 
[0.336s]     File "/usr/lib/python3.10/runpy.py", line 196, in _run_module_as_main
[0.336s]       return _run_code(code, main_globals, None,
[0.336s]     File "/usr/lib/python3.10/runpy.py", line 86, in _run_code
[0.336s]       exec(code, run_globals)
[0.336s]     File "/opt/ros/humble/local/lib/python3.10/dist-packages/rosidl_adapter/__main__.py", line 19, in <module>
[0.336s]       sys.exit(main())
[0.336s]     File "/opt/ros/humble/local/lib/python3.10/dist-packages/rosidl_adapter/main.py", line 53, in main
[0.336s]       abs_idl_file = convert_to_idl(
[0.336s]     File "/opt/ros/humble/local/lib/python3.10/dist-packages/rosidl_adapter/__init__.py", line 19, in convert_to_idl
[0.336s]       return convert_msg_to_idl(
[0.336s]     File "/opt/ros/humble/local/lib/python3.10/dist-packages/rosidl_adapter/msg/__init__.py", line 28, in convert_msg_to_idl
[0.336s]       msg = parse_message_string(package_name, input_file.stem, content)
[0.336s]     File "/opt/ros/humble/local/lib/python3.10/dist-packages/rosidl_adapter/parser.py", line 520, in parse_message_string
[0.336s]       Type(type_string, context_package_name=pkg_name),
[0.336s]     File "/opt/ros/humble/local/lib/python3.10/dist-packages/rosidl_adapter/parser.py", line 241, in __init__
[0.337s]       self.is_array = type_string[-1] == ']'
[0.337s] 
[0.337s]   IndexError: string index out of range
[0.337s] 
[0.337s] Call Stack (most recent call first):
[0.337s]   /opt/ros/humble/share/rosidl_cmake/cmake/rosidl_generate_interfaces.cmake:130 (rosidl_adapt_interfaces)
[0.337s]   CMakeLists.txt:12 (rosidl_generate_interfaces)
[0.337s] 
[0.337s] [0m
[0.337s] -- Configuring incomplete, errors occurred!
[0.337s] See also "/home/ALEX/anytrack/ros/build/scanner_interfaces/CMakeFiles/CMakeOutput.log".
[0.338s] gmake: *** [Makefile:1395: cmake_check_build_system] Error 1
[0.340s] Invoked command in '/home/ALEX/anytrack/ros/build/scanner_interfaces' returned '2': CMAKE_PREFIX_PATH=${CMAKE_PREFIX_PATH}:/home/ALEX/anytrack/ros/install/test_py_pkg:/home/ALEX/anytrack/ros/install/scannerV2:/home/ALEX/anytrack/ros/install/scanner:/home/ALEX/anytrack/ros/install/anytrack:/opt/ros/humble /usr/bin/cmake --build /home/ALEX/anytrack/ros/build/scanner_interfaces -- -j12 -l12
