/usr/bin/ld: /usr/lib/gcc/x86_64-linux-gnu/11/../../../x86_64-linux-gnu/Scrt1.o: in function `_start':
(.text+0x1b): undefined reference to `main'
collect2: error: ld returned 1 exit status
gmake[2]: *** [CMakeFiles/test_client_op.dir/build.make:175: test_client_op] Error 1
gmake[1]: *** [CMakeFiles/Makefile2:279: CMakeFiles/test_client_op.dir/all] Error 2
gmake[1]: *** Waiting for unfinished jobs....
[01m[K/home/ALEX/3dev/ros/src/test_cpp_pkg/src/test_client_nop.cpp:[m[K In function â€˜[01m[Kint main(int, char**)[m[Kâ€™:
[01m[K/home/ALEX/3dev/ros/src/test_cpp_pkg/src/test_client_nop.cpp:20:69:[m[K [01;31m[Kerror: [m[Kâ€˜[01m[Krclcpp::executor[m[Kâ€™ has not been declared
   20 |     if (rclcpp::spin_until_future_complete(node, future) == rclcpp::[01;31m[Kexecutor[m[K::FutureReturnCode::SUCCESS){
      |                                                                     [01;31m[K^~~~~~~~[m[K
In file included from [01m[K/opt/ros/humble/include/rclcpp/rclcpp/logging.hpp:24[m[K,
                 from [01m[K/opt/ros/humble/include/rclcpp/rclcpp/client.hpp:40[m[K,
                 from [01m[K/opt/ros/humble/include/rclcpp/rclcpp/callback_group.hpp:23[m[K,
                 from [01m[K/opt/ros/humble/include/rclcpp/rclcpp/any_executable.hpp:20[m[K,
                 from [01m[K/opt/ros/humble/include/rclcpp/rclcpp/memory_strategy.hpp:25[m[K,
                 from [01m[K/opt/ros/humble/include/rclcpp/rclcpp/memory_strategies.hpp:18[m[K,
                 from [01m[K/opt/ros/humble/include/rclcpp/rclcpp/executor_options.hpp:20[m[K,
                 from [01m[K/opt/ros/humble/include/rclcpp/rclcpp/executor.hpp:37[m[K,
                 from [01m[K/opt/ros/humble/include/rclcpp/rclcpp/executors/multi_threaded_executor.hpp:25[m[K,
                 from [01m[K/opt/ros/humble/include/rclcpp/rclcpp/executors.hpp:21[m[K,
                 from [01m[K/opt/ros/humble/include/rclcpp/rclcpp/rclcpp.hpp:155[m[K,
                 from [01m[K/home/ALEX/3dev/ros/src/test_cpp_pkg/src/test_client_nop.cpp:2[m[K:
[01m[K/home/ALEX/3dev/ros/src/test_cpp_pkg/src/test_client_nop.cpp:21:84:[m[K [01;31m[Kerror: [m[Kâ€˜[01m[Kresponse[m[Kâ€™ was not declared in this scope
   21 |         RCLCPP_INFO(node->get_logger(), "%ld + %ld = %ld", request->a, request->b, [01;31m[Kresponse[m[K->sum);
      |                                                                                    [01;31m[K^~~~~~~~[m[K
gmake[2]: *** [CMakeFiles/test_client_nop.dir/build.make:76: CMakeFiles/test_client_nop.dir/src/test_client_nop.cpp.o] Error 1
gmake[1]: *** [CMakeFiles/Makefile2:253: CMakeFiles/test_client_nop.dir/all] Error 2
gmake: *** [Makefile:146: all] Error 2
