[0.014s] Invoking command in '/home/ALEX/3dev/ros/build/test_cpp_pkg': CMAKE_PREFIX_PATH=${CMAKE_PREFIX_PATH}:/home/ALEX/3dev/ros/install/test_py_pkg:/opt/ros/humble /usr/bin/cmake --build /home/ALEX/3dev/ros/build/test_cpp_pkg -- -j12 -l12
[0.047s] [35m[1mConsolidate compiler generated dependencies of target test_client_op[0m
[0.049s] [35m[1mConsolidate compiler generated dependencies of target test_client_nop[0m
[0.057s] [  7%] [32m[1mLinking CXX executable test_client_op[0m
[0.060s] [ 21%] Built target test_listener
[0.061s] [ 50%] Built target test_node
[0.061s] [ 50%] Built target test_publisher
[0.061s] [ 64%] Built target number_publisher
[0.061s] [ 78%] Built target test_server
[0.067s] [ 85%] [32mBuilding CXX object CMakeFiles/test_client_nop.dir/src/test_client_nop.cpp.o[0m
[0.113s] /usr/bin/ld: /usr/lib/gcc/x86_64-linux-gnu/11/../../../x86_64-linux-gnu/Scrt1.o: in function `_start':
[0.113s] (.text+0x1b): undefined reference to `main'
[0.115s] collect2: error: ld returned 1 exit status
[0.116s] gmake[2]: *** [CMakeFiles/test_client_op.dir/build.make:175: test_client_op] Error 1
[0.116s] gmake[1]: *** [CMakeFiles/Makefile2:279: CMakeFiles/test_client_op.dir/all] Error 2
[0.116s] gmake[1]: *** Waiting for unfinished jobs....
[2.177s] [01m[K/home/ALEX/3dev/ros/src/test_cpp_pkg/src/test_client_nop.cpp:[m[K In function â€˜[01m[Kint main(int, char**)[m[Kâ€™:
[2.177s] [01m[K/home/ALEX/3dev/ros/src/test_cpp_pkg/src/test_client_nop.cpp:20:69:[m[K [01;31m[Kerror: [m[Kâ€˜[01m[Krclcpp::executor[m[Kâ€™ has not been declared
[2.177s]    20 |     if (rclcpp::spin_until_future_complete(node, future) == rclcpp::[01;31m[Kexecutor[m[K::FutureReturnCode::SUCCESS){
[2.177s]       |                                                                     [01;31m[K^~~~~~~~[m[K
[2.180s] In file included from [01m[K/opt/ros/humble/include/rclcpp/rclcpp/logging.hpp:24[m[K,
[2.180s]                  from [01m[K/opt/ros/humble/include/rclcpp/rclcpp/client.hpp:40[m[K,
[2.180s]                  from [01m[K/opt/ros/humble/include/rclcpp/rclcpp/callback_group.hpp:23[m[K,
[2.180s]                  from [01m[K/opt/ros/humble/include/rclcpp/rclcpp/any_executable.hpp:20[m[K,
[2.180s]                  from [01m[K/opt/ros/humble/include/rclcpp/rclcpp/memory_strategy.hpp:25[m[K,
[2.180s]                  from [01m[K/opt/ros/humble/include/rclcpp/rclcpp/memory_strategies.hpp:18[m[K,
[2.180s]                  from [01m[K/opt/ros/humble/include/rclcpp/rclcpp/executor_options.hpp:20[m[K,
[2.181s]                  from [01m[K/opt/ros/humble/include/rclcpp/rclcpp/executor.hpp:37[m[K,
[2.181s]                  from [01m[K/opt/ros/humble/include/rclcpp/rclcpp/executors/multi_threaded_executor.hpp:25[m[K,
[2.181s]                  from [01m[K/opt/ros/humble/include/rclcpp/rclcpp/executors.hpp:21[m[K,
[2.181s]                  from [01m[K/opt/ros/humble/include/rclcpp/rclcpp/rclcpp.hpp:155[m[K,
[2.181s]                  from [01m[K/home/ALEX/3dev/ros/src/test_cpp_pkg/src/test_client_nop.cpp:2[m[K:
[2.181s] [01m[K/home/ALEX/3dev/ros/src/test_cpp_pkg/src/test_client_nop.cpp:21:84:[m[K [01;31m[Kerror: [m[Kâ€˜[01m[Kresponse[m[Kâ€™ was not declared in this scope
[2.181s]    21 |         RCLCPP_INFO(node->get_logger(), "%ld + %ld = %ld", request->a, request->b, [01;31m[Kresponse[m[K->sum);
[2.181s]       |                                                                                    [01;31m[K^~~~~~~~[m[K
[2.718s] gmake[2]: *** [CMakeFiles/test_client_nop.dir/build.make:76: CMakeFiles/test_client_nop.dir/src/test_client_nop.cpp.o] Error 1
[2.718s] gmake[1]: *** [CMakeFiles/Makefile2:253: CMakeFiles/test_client_nop.dir/all] Error 2
[2.718s] gmake: *** [Makefile:146: all] Error 2
[2.720s] Invoked command in '/home/ALEX/3dev/ros/build/test_cpp_pkg' returned '2': CMAKE_PREFIX_PATH=${CMAKE_PREFIX_PATH}:/home/ALEX/3dev/ros/install/test_py_pkg:/opt/ros/humble /usr/bin/cmake --build /home/ALEX/3dev/ros/build/test_cpp_pkg -- -j12 -l12
