[35m[1mConsolidate compiler generated dependencies of target test_client_op[0m
[ 14%] Built target test_client_nop
[ 42%] Built target test_node
[ 42%] Built target number_publisher
[ 71%] Built target test_listener
[ 71%] Built target test_publisher
[ 85%] Built target test_server
[ 92%] [32mBuilding CXX object CMakeFiles/test_client_op.dir/src/test_client_op.cpp.o[0m
[01m[K/home/ALEX/anytrack/ros/src/test_cpp_pkg/src/test_client_op.cpp:[m[K In constructor â€˜[01m[Ktest_client_op::test_client_op()[m[Kâ€™:
[01m[K/home/ALEX/anytrack/ros/src/test_cpp_pkg/src/test_client_op.cpp:10:5:[m[K [01;31m[Kerror: [m[Kexpected â€˜[01m[K;[m[Kâ€™ before â€˜[01m[K}[m[Kâ€™ token
   10 |     [01;31m[K}[m[K
      |     [01;31m[K^[m[K
gmake[2]: *** [CMakeFiles/test_client_op.dir/build.make:76: CMakeFiles/test_client_op.dir/src/test_client_op.cpp.o] Error 1
gmake[1]: *** [CMakeFiles/Makefile2:279: CMakeFiles/test_client_op.dir/all] Error 2
gmake: *** [Makefile:146: all] Error 2
