[0.015s] Invoking command in '/home/ALEX/anytrack/ros/build/opencv_cam': CMAKE_PREFIX_PATH=/home/ALEX/anytrack/ros/install/ros2_shared:/home/ALEX/anytrack/ros/install/test_cpp_pkg:/home/ALEX/anytrack/ros/install/scanner_interfaces:/home/ALEX/anytrack/ros/install/test_py_pkg:/home/ALEX/anytrack/ros/install/scanner:/opt/ros/humble /usr/bin/cmake --build /home/ALEX/anytrack/ros/build/opencv_cam -- -j12 -l12
[0.055s] [ 12%] [32mBuilding CXX object CMakeFiles/opencv_cam_node.dir/src/opencv_cam_node.cpp.o[0m
[0.059s] [ 37%] Built target subscriber_node
[0.293s] In file included from [01m[K/home/ALEX/anytrack/ros/src/opencv_cam/include/opencv_cam/opencv_cam_node.hpp:10[m[K,
[0.293s]                  from [01m[K/home/ALEX/anytrack/ros/src/opencv_cam/src/opencv_cam_node.cpp:1[m[K:
[0.293s] [01m[K/home/ALEX/anytrack/ros/src/opencv_cam/include/opencv_cam/camera_context.hpp:7:10:[m[K [01;31m[Kfatal error: [m[Kros2_shared/context_macros.hpp: No such file or directory
[0.293s]     7 | #include [01;31m[K"ros2_shared/context_macros.hpp"[m[K
[0.293s]       |          [01;31m[K^~~~~~~~~~~~~~~~~~~~~~~~~~~~~~~~[m[K
[0.293s] compilation terminated.
[0.302s] gmake[2]: *** [CMakeFiles/opencv_cam_node.dir/build.make:76: CMakeFiles/opencv_cam_node.dir/src/opencv_cam_node.cpp.o] Error 1
[0.302s] gmake[1]: *** [CMakeFiles/Makefile2:143: CMakeFiles/opencv_cam_node.dir/all] Error 2
[0.302s] gmake: *** [Makefile:146: all] Error 2
[0.304s] Invoked command in '/home/ALEX/anytrack/ros/build/opencv_cam' returned '2': CMAKE_PREFIX_PATH=/home/ALEX/anytrack/ros/install/ros2_shared:/home/ALEX/anytrack/ros/install/test_cpp_pkg:/home/ALEX/anytrack/ros/install/scanner_interfaces:/home/ALEX/anytrack/ros/install/test_py_pkg:/home/ALEX/anytrack/ros/install/scanner:/opt/ros/humble /usr/bin/cmake --build /home/ALEX/anytrack/ros/build/opencv_cam -- -j12 -l12
