[0.000000] (-) TimerEvent: {}
[0.000460] (test_cpp_pkg) JobQueued: {'identifier': 'test_cpp_pkg', 'dependencies': OrderedDict()}
[0.000521] (test_py_pkg) JobQueued: {'identifier': 'test_py_pkg', 'dependencies': OrderedDict()}
[0.000553] (test_cpp_pkg) JobStarted: {'identifier': 'test_cpp_pkg'}
[0.010036] (test_py_pkg) JobStarted: {'identifier': 'test_py_pkg'}
[0.020927] (test_cpp_pkg) JobProgress: {'identifier': 'test_cpp_pkg', 'progress': 'cmake'}
[0.021533] (test_cpp_pkg) JobProgress: {'identifier': 'test_cpp_pkg', 'progress': 'build'}
[0.022193] (test_cpp_pkg) Command: {'cmd': ['/usr/bin/cmake', '--build', '/home/ALEX/3dev/ros/build/test_cpp_pkg', '--', '-j12', '-l12'], 'cwd': '/home/ALEX/3dev/ros/build/test_cpp_pkg', 'env': OrderedDict([('HOSTNAME', 'Arch-PC'), ('GIT_ASKPASS', '/root/.vscode-server/bin/6261075646f055b99068d3688932416f2346dd3b/extensions/git/dist/askpass.sh'), ('SHLVL', '2'), ('LD_LIBRARY_PATH', '/opt/ros/humble/opt/rviz_ogre_vendor/lib:/opt/ros/humble/lib/x86_64-linux-gnu:/opt/ros/humble/lib'), ('BROWSER', '/root/.vscode-server/bin/6261075646f055b99068d3688932416f2346dd3b/bin/helpers/browser.sh'), ('HOME', '/root'), ('OLDPWD', '/home/ALEX/3dev'), ('LESS', '-R'), ('TERM_PROGRAM_VERSION', '1.73.1'), ('VSCODE_IPC_HOOK_CLI', '/tmp/vscode-ipc-cd1ad754-8775-46ca-962e-b47101d8e450.sock'), ('ZSH', '/usr/local/zsh/oh-my-zsh'), ('LSCOLORS', 'Gxfxcxdxbxegedabagacad'), ('PAGER', 'less'), ('ROS_PYTHON_VERSION', '3'), ('VSCODE_GIT_ASKPASS_MAIN', '/root/.vscode-server/bin/6261075646f055b99068d3688932416f2346dd3b/extensions/git/dist/askpass-main.js'), ('VSCODE_GIT_ASKPASS_NODE', '/root/.vscode-server/bin/6261075646f055b99068d3688932416f2346dd3b/node'), ('VISUAL', 'vim'), ('STM', '/home/ALEX/STM32/etc/gcc-arm-none-eabi/bin'), ('ALEX', '/home/ALEX'), ('REMOTE_CONTAINERS', 'true'), ('COLORTERM', 'truecolor'), ('ROS_DISTRO', 'humble'), ('COLCON_PREFIX_PATH', '/home/ALEX/3dev/ros/install'), ('REMOTE_CONTAINERS_IPC', '/tmp/vscode-remote-containers-ipc-3f7ec01b85cf34276b9e1a009ef1a01ecf54e9d9.sock'), ('LOGNAME', 'root'), ('_', '/usr/bin/colcon'), ('ROS_VERSION', '2'), ('TERM', 'xterm-256color'), ('ROS_LOCALHOST_ONLY', '0'), ('PATH', '/root/.vscode-server/bin/6261075646f055b99068d3688932416f2346dd3b/bin/remote-cli:/opt/ros/humble/bin:/usr/local/sbin:/usr/local/bin:/usr/sbin:/usr/bin:/sbin:/bin:/home/ALEX/3dev/docker'), ('DIRHISTORY_SIZE', '30'), ('DISPLAY', ':0'), ('REMOTE_CONTAINERS_SOCKETS', '["/root/.gnupg/S.gpg-agent"]'), ('LANG', 'C.UTF-8'), ('LS_COLORS', 'rs=0:di=01;34:ln=01;36:mh=00:pi=40;33:so=01;35:do=01;35:bd=40;33;01:cd=40;33;01:or=40;31;01:mi=00:su=37;41:sg=30;43:ca=30;41:tw=30;42:ow=34;42:st=37;44:ex=01;32:*.tar=01;31:*.tgz=01;31:*.arc=01;31:*.arj=01;31:*.taz=01;31:*.lha=01;31:*.lz4=01;31:*.lzh=01;31:*.lzma=01;31:*.tlz=01;31:*.txz=01;31:*.tzo=01;31:*.t7z=01;31:*.zip=01;31:*.z=01;31:*.dz=01;31:*.gz=01;31:*.lrz=01;31:*.lz=01;31:*.lzo=01;31:*.xz=01;31:*.zst=01;31:*.tzst=01;31:*.bz2=01;31:*.bz=01;31:*.tbz=01;31:*.tbz2=01;31:*.tz=01;31:*.deb=01;31:*.rpm=01;31:*.jar=01;31:*.war=01;31:*.ear=01;31:*.sar=01;31:*.rar=01;31:*.alz=01;31:*.ace=01;31:*.zoo=01;31:*.cpio=01;31:*.7z=01;31:*.rz=01;31:*.cab=01;31:*.wim=01;31:*.swm=01;31:*.dwm=01;31:*.esd=01;31:*.jpg=01;35:*.jpeg=01;35:*.mjpg=01;35:*.mjpeg=01;35:*.gif=01;35:*.bmp=01;35:*.pbm=01;35:*.pgm=01;35:*.ppm=01;35:*.tga=01;35:*.xbm=01;35:*.xpm=01;35:*.tif=01;35:*.tiff=01;35:*.png=01;35:*.svg=01;35:*.svgz=01;35:*.mng=01;35:*.pcx=01;35:*.mov=01;35:*.mpg=01;35:*.mpeg=01;35:*.m2v=01;35:*.mkv=01;35:*.webm=01;35:*.webp=01;35:*.ogm=01;35:*.mp4=01;35:*.m4v=01;35:*.mp4v=01;35:*.vob=01;35:*.qt=01;35:*.nuv=01;35:*.wmv=01;35:*.asf=01;35:*.rm=01;35:*.rmvb=01;35:*.flc=01;35:*.avi=01;35:*.fli=01;35:*.flv=01;35:*.gl=01;35:*.dl=01;35:*.xcf=01;35:*.xwd=01;35:*.yuv=01;35:*.cgm=01;35:*.emf=01;35:*.ogv=01;35:*.ogx=01;35:*.aac=00;36:*.au=00;36:*.flac=00;36:*.m4a=00;36:*.mid=00;36:*.midi=00;36:*.mka=00;36:*.mp3=00;36:*.mpc=00;36:*.ogg=00;36:*.ra=00;36:*.wav=00;36:*.oga=00;36:*.opus=00;36:*.spx=00;36:*.xspf=00;36:'), ('TERM_PROGRAM', 'vscode'), ('VSCODE_GIT_IPC_HANDLE', '/tmp/vscode-git-2c9872937f.sock'), ('AMENT_PREFIX_PATH', '/home/ALEX/3dev/ros/install/test_py_pkg:/home/ALEX/3dev/ros/install/test_cpp_pkg:/opt/ros/humble'), ('SHELL', '/bin/zsh'), ('VSCODE_GIT_ASKPASS_EXTRA_ARGS', ''), ('LC_ALL', 'C.UTF-8'), ('PWD', '/home/ALEX/3dev/ros/build/test_cpp_pkg'), ('PYTHONPATH', '/home/ALEX/3dev/ros/build/test_py_pkg:/home/ALEX/3dev/ros/install/test_py_pkg/lib/python3.10/site-packages:/opt/ros/humble/lib/python3.10/site-packages:/opt/ros/humble/local/lib/python3.10/dist-packages'), ('COLCON', '1'), ('EDITOR', 'vim'), ('CMAKE_PREFIX_PATH', '/home/ALEX/3dev/ros/install/test_cpp_pkg:/home/ALEX/3dev/ros/install/test_py_pkg:/opt/ros/humble')]), 'shell': False}
[0.051300] (test_cpp_pkg) StdoutLine: {'line': b'-- Found ament_cmake: 1.3.2 (/opt/ros/humble/share/ament_cmake/cmake)\n'}
[0.099545] (-) TimerEvent: {}
[0.192190] (test_cpp_pkg) StdoutLine: {'line': b'-- Found rclcpp: 16.0.1 (/opt/ros/humble/share/rclcpp/cmake)\n'}
[0.199618] (-) TimerEvent: {}
[0.228373] (test_cpp_pkg) StdoutLine: {'line': b'-- Found rosidl_generator_c: 3.1.3 (/opt/ros/humble/share/rosidl_generator_c/cmake)\n'}
[0.231147] (test_cpp_pkg) StdoutLine: {'line': b'-- Found rosidl_adapter: 3.1.3 (/opt/ros/humble/share/rosidl_adapter/cmake)\n'}
[0.237345] (test_cpp_pkg) StdoutLine: {'line': b'-- Found rosidl_generator_cpp: 3.1.3 (/opt/ros/humble/share/rosidl_generator_cpp/cmake)\n'}
[0.249480] (test_cpp_pkg) StdoutLine: {'line': b'-- Using all available rosidl_typesupport_c: rosidl_typesupport_fastrtps_c;rosidl_typesupport_introspection_c\n'}
[0.266431] (test_cpp_pkg) StdoutLine: {'line': b'-- Using all available rosidl_typesupport_cpp: rosidl_typesupport_fastrtps_cpp;rosidl_typesupport_introspection_cpp\n'}
[0.299715] (-) TimerEvent: {}
[0.335059] (test_cpp_pkg) StdoutLine: {'line': b'-- Found rmw_implementation_cmake: 6.1.0 (/opt/ros/humble/share/rmw_implementation_cmake/cmake)\n'}
[0.336663] (test_cpp_pkg) StdoutLine: {'line': b'-- Found rmw_fastrtps_cpp: 6.2.1 (/opt/ros/humble/share/rmw_fastrtps_cpp/cmake)\n'}
[0.399823] (-) TimerEvent: {}
[0.470228] (test_cpp_pkg) StdoutLine: {'line': b"-- Using RMW implementation 'rmw_fastrtps_cpp' as default\n"}
[0.499917] (-) TimerEvent: {}
[0.576657] (test_py_pkg) Command: {'cmd': ['/usr/bin/python3', 'setup.py', 'develop', '--prefix', '/home/ALEX/3dev/ros/install/test_py_pkg', '--uninstall', '--editable', '--build-directory', '/home/ALEX/3dev/ros/build/test_py_pkg/build'], 'cwd': '/home/ALEX/3dev/ros/build/test_py_pkg', 'env': {'HOSTNAME': 'Arch-PC', 'GIT_ASKPASS': '/root/.vscode-server/bin/6261075646f055b99068d3688932416f2346dd3b/extensions/git/dist/askpass.sh', 'SHLVL': '2', 'LD_LIBRARY_PATH': '/opt/ros/humble/opt/rviz_ogre_vendor/lib:/opt/ros/humble/lib/x86_64-linux-gnu:/opt/ros/humble/lib', 'BROWSER': '/root/.vscode-server/bin/6261075646f055b99068d3688932416f2346dd3b/bin/helpers/browser.sh', 'HOME': '/root', 'OLDPWD': '/home/ALEX/3dev', 'LESS': '-R', 'TERM_PROGRAM_VERSION': '1.73.1', 'VSCODE_IPC_HOOK_CLI': '/tmp/vscode-ipc-cd1ad754-8775-46ca-962e-b47101d8e450.sock', 'ZSH': '/usr/local/zsh/oh-my-zsh', 'LSCOLORS': 'Gxfxcxdxbxegedabagacad', 'PAGER': 'less', 'ROS_PYTHON_VERSION': '3', 'VSCODE_GIT_ASKPASS_MAIN': '/root/.vscode-server/bin/6261075646f055b99068d3688932416f2346dd3b/extensions/git/dist/askpass-main.js', 'VSCODE_GIT_ASKPASS_NODE': '/root/.vscode-server/bin/6261075646f055b99068d3688932416f2346dd3b/node', 'VISUAL': 'vim', 'STM': '/home/ALEX/STM32/etc/gcc-arm-none-eabi/bin', 'ALEX': '/home/ALEX', 'REMOTE_CONTAINERS': 'true', 'COLORTERM': 'truecolor', 'ROS_DISTRO': 'humble', 'COLCON_PREFIX_PATH': '/home/ALEX/3dev/ros/install', 'REMOTE_CONTAINERS_IPC': '/tmp/vscode-remote-containers-ipc-3f7ec01b85cf34276b9e1a009ef1a01ecf54e9d9.sock', 'LOGNAME': 'root', '_': '/usr/bin/colcon', 'ROS_VERSION': '2', 'TERM': 'xterm-256color', 'ROS_LOCALHOST_ONLY': '0', 'PATH': '/root/.vscode-server/bin/6261075646f055b99068d3688932416f2346dd3b/bin/remote-cli:/opt/ros/humble/bin:/usr/local/sbin:/usr/local/bin:/usr/sbin:/usr/bin:/sbin:/bin:/home/ALEX/3dev/docker', 'DIRHISTORY_SIZE': '30', 'DISPLAY': ':0', 'REMOTE_CONTAINERS_SOCKETS': '["/root/.gnupg/S.gpg-agent"]', 'LANG': 'C.UTF-8', 'LS_COLORS': 'rs=0:di=01;34:ln=01;36:mh=00:pi=40;33:so=01;35:do=01;35:bd=40;33;01:cd=40;33;01:or=40;31;01:mi=00:su=37;41:sg=30;43:ca=30;41:tw=30;42:ow=34;42:st=37;44:ex=01;32:*.tar=01;31:*.tgz=01;31:*.arc=01;31:*.arj=01;31:*.taz=01;31:*.lha=01;31:*.lz4=01;31:*.lzh=01;31:*.lzma=01;31:*.tlz=01;31:*.txz=01;31:*.tzo=01;31:*.t7z=01;31:*.zip=01;31:*.z=01;31:*.dz=01;31:*.gz=01;31:*.lrz=01;31:*.lz=01;31:*.lzo=01;31:*.xz=01;31:*.zst=01;31:*.tzst=01;31:*.bz2=01;31:*.bz=01;31:*.tbz=01;31:*.tbz2=01;31:*.tz=01;31:*.deb=01;31:*.rpm=01;31:*.jar=01;31:*.war=01;31:*.ear=01;31:*.sar=01;31:*.rar=01;31:*.alz=01;31:*.ace=01;31:*.zoo=01;31:*.cpio=01;31:*.7z=01;31:*.rz=01;31:*.cab=01;31:*.wim=01;31:*.swm=01;31:*.dwm=01;31:*.esd=01;31:*.jpg=01;35:*.jpeg=01;35:*.mjpg=01;35:*.mjpeg=01;35:*.gif=01;35:*.bmp=01;35:*.pbm=01;35:*.pgm=01;35:*.ppm=01;35:*.tga=01;35:*.xbm=01;35:*.xpm=01;35:*.tif=01;35:*.tiff=01;35:*.png=01;35:*.svg=01;35:*.svgz=01;35:*.mng=01;35:*.pcx=01;35:*.mov=01;35:*.mpg=01;35:*.mpeg=01;35:*.m2v=01;35:*.mkv=01;35:*.webm=01;35:*.webp=01;35:*.ogm=01;35:*.mp4=01;35:*.m4v=01;35:*.mp4v=01;35:*.vob=01;35:*.qt=01;35:*.nuv=01;35:*.wmv=01;35:*.asf=01;35:*.rm=01;35:*.rmvb=01;35:*.flc=01;35:*.avi=01;35:*.fli=01;35:*.flv=01;35:*.gl=01;35:*.dl=01;35:*.xcf=01;35:*.xwd=01;35:*.yuv=01;35:*.cgm=01;35:*.emf=01;35:*.ogv=01;35:*.ogx=01;35:*.aac=00;36:*.au=00;36:*.flac=00;36:*.m4a=00;36:*.mid=00;36:*.midi=00;36:*.mka=00;36:*.mp3=00;36:*.mpc=00;36:*.ogg=00;36:*.ra=00;36:*.wav=00;36:*.oga=00;36:*.opus=00;36:*.spx=00;36:*.xspf=00;36:', 'TERM_PROGRAM': 'vscode', 'VSCODE_GIT_IPC_HANDLE': '/tmp/vscode-git-2c9872937f.sock', 'AMENT_PREFIX_PATH': '/home/ALEX/3dev/ros/install/test_py_pkg:/home/ALEX/3dev/ros/install/test_cpp_pkg:/opt/ros/humble', 'SHELL': '/bin/zsh', 'VSCODE_GIT_ASKPASS_EXTRA_ARGS': '', 'LC_ALL': 'C.UTF-8', 'PWD': '/home/ALEX/3dev/ros/build/test_py_pkg', 'PYTHONPATH': '/home/ALEX/3dev/ros/install/test_py_pkg/lib/python3.10/site-packages:/home/ALEX/3dev/ros/build/test_py_pkg:/home/ALEX/3dev/ros/install/test_py_pkg/lib/python3.10/site-packages:/opt/ros/humble/lib/python3.10/site-packages:/opt/ros/humble/local/lib/python3.10/dist-packages', 'COLCON': '1', 'EDITOR': 'vim', 'CMAKE_PREFIX_PATH': '/home/ALEX/3dev/ros/install/test_cpp_pkg'}, 'shell': False}
[0.600016] (-) TimerEvent: {}
[0.643898] (test_cpp_pkg) StdoutLine: {'line': b'-- Found example_interfaces: 0.9.3 (/opt/ros/humble/share/example_interfaces/cmake)\n'}
[0.700114] (-) TimerEvent: {}
[0.800413] (-) TimerEvent: {}
[0.809662] (test_py_pkg) StdoutLine: {'line': b'running develop\n'}
[0.857854] (test_cpp_pkg) StdoutLine: {'line': b'-- Configuring done\n'}
[0.867487] (test_cpp_pkg) StdoutLine: {'line': b'-- Generating done\n'}
[0.868983] (test_cpp_pkg) StdoutLine: {'line': b'-- Build files have been written to: /home/ALEX/3dev/ros/build/test_cpp_pkg\n'}
[0.893457] (test_cpp_pkg) StdoutLine: {'line': b'[ 25%] \x1b[32mBuilding CXX object CMakeFiles/test_publisher.dir/src/test_publisher.cpp.o\x1b[0m\n'}
[0.893713] (test_cpp_pkg) StdoutLine: {'line': b'[ 50%] \x1b[32mBuilding CXX object CMakeFiles/test_node.dir/src/test_node.cpp.o\x1b[0m\n'}
[0.899037] (test_cpp_pkg) StderrLine: {'line': b'\x1b[01m\x1b[K/home/ALEX/3dev/ros/src/test_cpp_pkg/src/test_publisher.cpp:1:10:\x1b[m\x1b[K \x1b[01;31m\x1b[Kfatal error: \x1b[m\x1b[Kexample_interfaces/msg/string.hpp: No such file or directory\n'}
[0.899234] (test_cpp_pkg) StderrLine: {'line': b'    1 | #include \x1b[01;31m\x1b[K"example_interfaces/msg/string.hpp"\x1b[m\x1b[K\n'}
[0.899332] (test_cpp_pkg) StderrLine: {'line': b'      |          \x1b[01;31m\x1b[K^~~~~~~~~~~~~~~~~~~~~~~~~~~~~~~~~~~\x1b[m\x1b[K\n'}
[0.899426] (test_cpp_pkg) StderrLine: {'line': b'compilation terminated.\n'}
[0.899556] (test_cpp_pkg) StderrLine: {'line': b'gmake[2]: *** [CMakeFiles/test_publisher.dir/build.make:76: CMakeFiles/test_publisher.dir/src/test_publisher.cpp.o] Error 1\n'}
[0.899733] (test_cpp_pkg) StderrLine: {'line': b'gmake[1]: *** [CMakeFiles/Makefile2:165: CMakeFiles/test_publisher.dir/all] Error 2\n'}
[0.899830] (test_cpp_pkg) StderrLine: {'line': b'gmake[1]: *** Waiting for unfinished jobs....\n'}
[0.900463] (-) TimerEvent: {}
[0.971396] (test_py_pkg) CommandEnded: {'returncode': 0}
[0.972754] (test_py_pkg) Command: {'cmd': ['/usr/bin/python3', 'setup.py', 'egg_info', '--egg-base', '../../build/test_py_pkg', 'build', '--build-base', '/home/ALEX/3dev/ros/build/test_py_pkg/build', 'install', '--prefix', '/home/ALEX/3dev/ros/install/test_py_pkg', '--record', '/home/ALEX/3dev/ros/build/test_py_pkg/install.log', '--single-version-externally-managed'], 'cwd': '/home/ALEX/3dev/ros/src/test_py_pkg', 'env': {'HOSTNAME': 'Arch-PC', 'GIT_ASKPASS': '/root/.vscode-server/bin/6261075646f055b99068d3688932416f2346dd3b/extensions/git/dist/askpass.sh', 'SHLVL': '2', 'LD_LIBRARY_PATH': '/opt/ros/humble/opt/rviz_ogre_vendor/lib:/opt/ros/humble/lib/x86_64-linux-gnu:/opt/ros/humble/lib', 'BROWSER': '/root/.vscode-server/bin/6261075646f055b99068d3688932416f2346dd3b/bin/helpers/browser.sh', 'HOME': '/root', 'OLDPWD': '/home/ALEX/3dev', 'LESS': '-R', 'TERM_PROGRAM_VERSION': '1.73.1', 'VSCODE_IPC_HOOK_CLI': '/tmp/vscode-ipc-cd1ad754-8775-46ca-962e-b47101d8e450.sock', 'ZSH': '/usr/local/zsh/oh-my-zsh', 'LSCOLORS': 'Gxfxcxdxbxegedabagacad', 'PAGER': 'less', 'ROS_PYTHON_VERSION': '3', 'VSCODE_GIT_ASKPASS_MAIN': '/root/.vscode-server/bin/6261075646f055b99068d3688932416f2346dd3b/extensions/git/dist/askpass-main.js', 'VSCODE_GIT_ASKPASS_NODE': '/root/.vscode-server/bin/6261075646f055b99068d3688932416f2346dd3b/node', 'VISUAL': 'vim', 'STM': '/home/ALEX/STM32/etc/gcc-arm-none-eabi/bin', 'ALEX': '/home/ALEX', 'REMOTE_CONTAINERS': 'true', 'COLORTERM': 'truecolor', 'ROS_DISTRO': 'humble', 'COLCON_PREFIX_PATH': '/home/ALEX/3dev/ros/install', 'REMOTE_CONTAINERS_IPC': '/tmp/vscode-remote-containers-ipc-3f7ec01b85cf34276b9e1a009ef1a01ecf54e9d9.sock', 'LOGNAME': 'root', '_': '/usr/bin/colcon', 'ROS_VERSION': '2', 'TERM': 'xterm-256color', 'ROS_LOCALHOST_ONLY': '0', 'PATH': '/root/.vscode-server/bin/6261075646f055b99068d3688932416f2346dd3b/bin/remote-cli:/opt/ros/humble/bin:/usr/local/sbin:/usr/local/bin:/usr/sbin:/usr/bin:/sbin:/bin:/home/ALEX/3dev/docker', 'DIRHISTORY_SIZE': '30', 'DISPLAY': ':0', 'REMOTE_CONTAINERS_SOCKETS': '["/root/.gnupg/S.gpg-agent"]', 'LANG': 'C.UTF-8', 'LS_COLORS': 'rs=0:di=01;34:ln=01;36:mh=00:pi=40;33:so=01;35:do=01;35:bd=40;33;01:cd=40;33;01:or=40;31;01:mi=00:su=37;41:sg=30;43:ca=30;41:tw=30;42:ow=34;42:st=37;44:ex=01;32:*.tar=01;31:*.tgz=01;31:*.arc=01;31:*.arj=01;31:*.taz=01;31:*.lha=01;31:*.lz4=01;31:*.lzh=01;31:*.lzma=01;31:*.tlz=01;31:*.txz=01;31:*.tzo=01;31:*.t7z=01;31:*.zip=01;31:*.z=01;31:*.dz=01;31:*.gz=01;31:*.lrz=01;31:*.lz=01;31:*.lzo=01;31:*.xz=01;31:*.zst=01;31:*.tzst=01;31:*.bz2=01;31:*.bz=01;31:*.tbz=01;31:*.tbz2=01;31:*.tz=01;31:*.deb=01;31:*.rpm=01;31:*.jar=01;31:*.war=01;31:*.ear=01;31:*.sar=01;31:*.rar=01;31:*.alz=01;31:*.ace=01;31:*.zoo=01;31:*.cpio=01;31:*.7z=01;31:*.rz=01;31:*.cab=01;31:*.wim=01;31:*.swm=01;31:*.dwm=01;31:*.esd=01;31:*.jpg=01;35:*.jpeg=01;35:*.mjpg=01;35:*.mjpeg=01;35:*.gif=01;35:*.bmp=01;35:*.pbm=01;35:*.pgm=01;35:*.ppm=01;35:*.tga=01;35:*.xbm=01;35:*.xpm=01;35:*.tif=01;35:*.tiff=01;35:*.png=01;35:*.svg=01;35:*.svgz=01;35:*.mng=01;35:*.pcx=01;35:*.mov=01;35:*.mpg=01;35:*.mpeg=01;35:*.m2v=01;35:*.mkv=01;35:*.webm=01;35:*.webp=01;35:*.ogm=01;35:*.mp4=01;35:*.m4v=01;35:*.mp4v=01;35:*.vob=01;35:*.qt=01;35:*.nuv=01;35:*.wmv=01;35:*.asf=01;35:*.rm=01;35:*.rmvb=01;35:*.flc=01;35:*.avi=01;35:*.fli=01;35:*.flv=01;35:*.gl=01;35:*.dl=01;35:*.xcf=01;35:*.xwd=01;35:*.yuv=01;35:*.cgm=01;35:*.emf=01;35:*.ogv=01;35:*.ogx=01;35:*.aac=00;36:*.au=00;36:*.flac=00;36:*.m4a=00;36:*.mid=00;36:*.midi=00;36:*.mka=00;36:*.mp3=00;36:*.mpc=00;36:*.ogg=00;36:*.ra=00;36:*.wav=00;36:*.oga=00;36:*.opus=00;36:*.spx=00;36:*.xspf=00;36:', 'TERM_PROGRAM': 'vscode', 'VSCODE_GIT_IPC_HANDLE': '/tmp/vscode-git-2c9872937f.sock', 'AMENT_PREFIX_PATH': '/home/ALEX/3dev/ros/install/test_py_pkg:/home/ALEX/3dev/ros/install/test_cpp_pkg:/opt/ros/humble', 'SHELL': '/bin/zsh', 'VSCODE_GIT_ASKPASS_EXTRA_ARGS': '', 'LC_ALL': 'C.UTF-8', 'PWD': '/home/ALEX/3dev/ros/build/test_py_pkg', 'PYTHONPATH': '/home/ALEX/3dev/ros/install/test_py_pkg/lib/python3.10/site-packages:/home/ALEX/3dev/ros/build/test_py_pkg:/home/ALEX/3dev/ros/install/test_py_pkg/lib/python3.10/site-packages:/opt/ros/humble/lib/python3.10/site-packages:/opt/ros/humble/local/lib/python3.10/dist-packages', 'COLCON': '1', 'EDITOR': 'vim', 'CMAKE_PREFIX_PATH': '/home/ALEX/3dev/ros/install/test_cpp_pkg'}, 'shell': False}
[1.000578] (-) TimerEvent: {}
[1.100851] (-) TimerEvent: {}
[1.195300] (test_py_pkg) StdoutLine: {'line': b'running egg_info\n'}
[1.195854] (test_py_pkg) StdoutLine: {'line': b'writing ../../build/test_py_pkg/test_py_pkg.egg-info/PKG-INFO\n'}
[1.196049] (test_py_pkg) StdoutLine: {'line': b'writing dependency_links to ../../build/test_py_pkg/test_py_pkg.egg-info/dependency_links.txt\n'}
[1.196177] (test_py_pkg) StdoutLine: {'line': b'writing entry points to ../../build/test_py_pkg/test_py_pkg.egg-info/entry_points.txt\n'}
[1.196277] (test_py_pkg) StdoutLine: {'line': b'writing requirements to ../../build/test_py_pkg/test_py_pkg.egg-info/requires.txt\n'}
[1.196420] (test_py_pkg) StdoutLine: {'line': b'writing top-level names to ../../build/test_py_pkg/test_py_pkg.egg-info/top_level.txt\n'}
[1.197948] (test_py_pkg) StdoutLine: {'line': b"reading manifest file '../../build/test_py_pkg/test_py_pkg.egg-info/SOURCES.txt'\n"}
[1.198804] (test_py_pkg) StdoutLine: {'line': b"writing manifest file '../../build/test_py_pkg/test_py_pkg.egg-info/SOURCES.txt'\n"}
[1.198924] (test_py_pkg) StdoutLine: {'line': b'running build\n'}
[1.199031] (test_py_pkg) StdoutLine: {'line': b'running build_py\n'}
[1.199143] (test_py_pkg) StdoutLine: {'line': b'copying test_py_pkg/test_publisher.py -> /home/ALEX/3dev/ros/build/test_py_pkg/build/lib/test_py_pkg\n'}
[1.199280] (test_py_pkg) StdoutLine: {'line': b'copying test_py_pkg/test_listener.py -> /home/ALEX/3dev/ros/build/test_py_pkg/build/lib/test_py_pkg\n'}
[1.199537] (test_py_pkg) StdoutLine: {'line': b'running install\n'}
[1.199817] (test_py_pkg) StdoutLine: {'line': b'running install_lib\n'}
[1.200420] (test_py_pkg) StdoutLine: {'line': b'creating /home/ALEX/3dev/ros/install/test_py_pkg/lib/python3.10/site-packages/test_py_pkg\n'}
[1.200519] (test_py_pkg) StdoutLine: {'line': b'copying /home/ALEX/3dev/ros/build/test_py_pkg/build/lib/test_py_pkg/__init__.py -> /home/ALEX/3dev/ros/install/test_py_pkg/lib/python3.10/site-packages/test_py_pkg\n'}
[1.200617] (test_py_pkg) StdoutLine: {'line': b'copying /home/ALEX/3dev/ros/build/test_py_pkg/build/lib/test_py_pkg/test_publisher.py -> /home/ALEX/3dev/ros/install/test_py_pkg/lib/python3.10/site-packages/test_py_pkg\n'}
[1.200726] (test_py_pkg) StdoutLine: {'line': b'copying /home/ALEX/3dev/ros/build/test_py_pkg/build/lib/test_py_pkg/test_listener.py -> /home/ALEX/3dev/ros/install/test_py_pkg/lib/python3.10/site-packages/test_py_pkg\n'}
[1.200830] (test_py_pkg) StdoutLine: {'line': b'copying /home/ALEX/3dev/ros/build/test_py_pkg/build/lib/test_py_pkg/test_node.py -> /home/ALEX/3dev/ros/install/test_py_pkg/lib/python3.10/site-packages/test_py_pkg\n'}
[1.200928] (-) TimerEvent: {}
[1.201039] (test_py_pkg) StdoutLine: {'line': b'copying /home/ALEX/3dev/ros/build/test_py_pkg/build/lib/test_py_pkg/template.py -> /home/ALEX/3dev/ros/install/test_py_pkg/lib/python3.10/site-packages/test_py_pkg\n'}
[1.201354] (test_py_pkg) StdoutLine: {'line': b'byte-compiling /home/ALEX/3dev/ros/install/test_py_pkg/lib/python3.10/site-packages/test_py_pkg/__init__.py to __init__.cpython-310.pyc\n'}
[1.201544] (test_py_pkg) StdoutLine: {'line': b'byte-compiling /home/ALEX/3dev/ros/install/test_py_pkg/lib/python3.10/site-packages/test_py_pkg/test_publisher.py to test_publisher.cpython-310.pyc\n'}
[1.201894] (test_py_pkg) StdoutLine: {'line': b'byte-compiling /home/ALEX/3dev/ros/install/test_py_pkg/lib/python3.10/site-packages/test_py_pkg/test_listener.py to test_listener.cpython-310.pyc\n'}
[1.202188] (test_py_pkg) StdoutLine: {'line': b'byte-compiling /home/ALEX/3dev/ros/install/test_py_pkg/lib/python3.10/site-packages/test_py_pkg/test_node.py to test_node.cpython-310.pyc\n'}
[1.202473] (test_py_pkg) StdoutLine: {'line': b'byte-compiling /home/ALEX/3dev/ros/install/test_py_pkg/lib/python3.10/site-packages/test_py_pkg/template.py to template.cpython-310.pyc\n'}
[1.202727] (test_py_pkg) StdoutLine: {'line': b'running install_data\n'}
[1.203299] (test_py_pkg) StdoutLine: {'line': b'running install_egg_info\n'}
[1.204751] (test_py_pkg) StdoutLine: {'line': b'Copying ../../build/test_py_pkg/test_py_pkg.egg-info to /home/ALEX/3dev/ros/install/test_py_pkg/lib/python3.10/site-packages/test_py_pkg-0.0.0-py3.10.egg-info\n'}
[1.205650] (test_py_pkg) StdoutLine: {'line': b'running install_scripts\n'}
[1.229551] (test_py_pkg) StdoutLine: {'line': b'Installing test_listener script to /home/ALEX/3dev/ros/install/test_py_pkg/lib/test_py_pkg\n'}
[1.229945] (test_py_pkg) StdoutLine: {'line': b'Installing test_node script to /home/ALEX/3dev/ros/install/test_py_pkg/lib/test_py_pkg\n'}
[1.230047] (test_py_pkg) StdoutLine: {'line': b'Installing test_publisher script to /home/ALEX/3dev/ros/install/test_py_pkg/lib/test_py_pkg\n'}
[1.230192] (test_py_pkg) StdoutLine: {'line': b"writing list of installed files to '/home/ALEX/3dev/ros/build/test_py_pkg/install.log'\n"}
[1.263093] (test_py_pkg) CommandEnded: {'returncode': 0}
[1.276949] (test_py_pkg) JobEnded: {'identifier': 'test_py_pkg', 'rc': 0}
[1.301644] (-) TimerEvent: {}
[1.401966] (-) TimerEvent: {}
[1.502237] (-) TimerEvent: {}
[1.602504] (-) TimerEvent: {}
[1.702763] (-) TimerEvent: {}
[1.803024] (-) TimerEvent: {}
[1.903284] (-) TimerEvent: {}
[2.003549] (-) TimerEvent: {}
[2.103808] (-) TimerEvent: {}
[2.204061] (-) TimerEvent: {}
[2.304327] (-) TimerEvent: {}
[2.404549] (-) TimerEvent: {}
[2.504794] (-) TimerEvent: {}
[2.605055] (-) TimerEvent: {}
[2.705308] (-) TimerEvent: {}
[2.805573] (-) TimerEvent: {}
[2.905831] (-) TimerEvent: {}
[3.006085] (-) TimerEvent: {}
[3.106338] (-) TimerEvent: {}
[3.206592] (-) TimerEvent: {}
[3.306852] (-) TimerEvent: {}
[3.407107] (-) TimerEvent: {}
[3.469596] (test_cpp_pkg) StdoutLine: {'line': b'[ 75%] \x1b[32m\x1b[1mLinking CXX executable test_node\x1b[0m\n'}
[3.507192] (-) TimerEvent: {}
[3.562481] (test_cpp_pkg) StdoutLine: {'line': b'[ 75%] Built target test_node\n'}
[3.563201] (test_cpp_pkg) StderrLine: {'line': b'gmake: *** [Makefile:146: all] Error 2\n'}
[3.564610] (test_cpp_pkg) CommandEnded: {'returncode': 2}
[3.591096] (test_cpp_pkg) JobEnded: {'identifier': 'test_cpp_pkg', 'rc': 2}
[3.601713] (-) EventReactorShutdown: {}
