[0.000000] (-) TimerEvent: {}
[0.000403] (-) JobUnselected: {'identifier': 'test_py_pkg'}
[0.000526] (test_cpp_pkg) JobQueued: {'identifier': 'test_cpp_pkg', 'dependencies': OrderedDict()}
[0.000553] (test_cpp_pkg) JobStarted: {'identifier': 'test_cpp_pkg'}
[0.011320] (test_cpp_pkg) JobProgress: {'identifier': 'test_cpp_pkg', 'progress': 'cmake'}
[0.012366] (test_cpp_pkg) JobProgress: {'identifier': 'test_cpp_pkg', 'progress': 'build'}
[0.012449] (test_cpp_pkg) Command: {'cmd': ['/usr/bin/cmake', '--build', '/home/ALEX/3dev/ros/build/test_cpp_pkg', '--', '-j12', '-l12'], 'cwd': '/home/ALEX/3dev/ros/build/test_cpp_pkg', 'env': OrderedDict([('HOSTNAME', 'Arch-PC'), ('GIT_ASKPASS', '/root/.vscode-server/bin/6261075646f055b99068d3688932416f2346dd3b/extensions/git/dist/askpass.sh'), ('SHLVL', '2'), ('LD_LIBRARY_PATH', '/opt/ros/humble/opt/rviz_ogre_vendor/lib:/opt/ros/humble/lib/x86_64-linux-gnu:/opt/ros/humble/lib'), ('BROWSER', '/root/.vscode-server/bin/6261075646f055b99068d3688932416f2346dd3b/bin/helpers/browser.sh'), ('HOME', '/root'), ('OLDPWD', '/home/ALEX/3dev'), ('LESS', '-R'), ('TERM_PROGRAM_VERSION', '1.73.1'), ('VSCODE_IPC_HOOK_CLI', '/tmp/vscode-ipc-a1a67aff-dd03-43d4-87d1-f800d399333d.sock'), ('ZSH', '/usr/local/zsh/oh-my-zsh'), ('LSCOLORS', 'Gxfxcxdxbxegedabagacad'), ('PAGER', 'less'), ('ROS_PYTHON_VERSION', '3'), ('VSCODE_GIT_ASKPASS_MAIN', '/root/.vscode-server/bin/6261075646f055b99068d3688932416f2346dd3b/extensions/git/dist/askpass-main.js'), ('VSCODE_GIT_ASKPASS_NODE', '/root/.vscode-server/bin/6261075646f055b99068d3688932416f2346dd3b/node'), ('VISUAL', 'vim'), ('STM', '/home/ALEX/STM32/etc/gcc-arm-none-eabi/bin'), ('ALEX', '/home/ALEX'), ('REMOTE_CONTAINERS', 'true'), ('COLORTERM', 'truecolor'), ('ROS_DISTRO', 'humble'), ('COLCON_PREFIX_PATH', '/home/ALEX/3dev/ros/install'), ('REMOTE_CONTAINERS_IPC', '/tmp/vscode-remote-containers-ipc-0b717adedff7b305f9e2d1d091f0493209e68312.sock'), ('LOGNAME', 'root'), ('_', '/usr/bin/colcon'), ('ROS_VERSION', '2'), ('USER_ZDOTDIR', '/root'), ('TERM', 'xterm-256color'), ('ROS_LOCALHOST_ONLY', '0'), ('PATH', '/root/.vscode-server/bin/6261075646f055b99068d3688932416f2346dd3b/bin/remote-cli:/opt/ros/humble/bin:/usr/local/sbin:/usr/local/bin:/usr/sbin:/usr/bin:/sbin:/bin:/home/ALEX/3dev/docker'), ('DIRHISTORY_SIZE', '30'), ('DISPLAY', ':0'), ('REMOTE_CONTAINERS_SOCKETS', '["/root/.gnupg/S.gpg-agent"]'), ('LANG', 'C.UTF-8'), ('VSCODE_INJECTION', '1'), ('LS_COLORS', 'rs=0:di=01;34:ln=01;36:mh=00:pi=40;33:so=01;35:do=01;35:bd=40;33;01:cd=40;33;01:or=40;31;01:mi=00:su=37;41:sg=30;43:ca=30;41:tw=30;42:ow=34;42:st=37;44:ex=01;32:*.tar=01;31:*.tgz=01;31:*.arc=01;31:*.arj=01;31:*.taz=01;31:*.lha=01;31:*.lz4=01;31:*.lzh=01;31:*.lzma=01;31:*.tlz=01;31:*.txz=01;31:*.tzo=01;31:*.t7z=01;31:*.zip=01;31:*.z=01;31:*.dz=01;31:*.gz=01;31:*.lrz=01;31:*.lz=01;31:*.lzo=01;31:*.xz=01;31:*.zst=01;31:*.tzst=01;31:*.bz2=01;31:*.bz=01;31:*.tbz=01;31:*.tbz2=01;31:*.tz=01;31:*.deb=01;31:*.rpm=01;31:*.jar=01;31:*.war=01;31:*.ear=01;31:*.sar=01;31:*.rar=01;31:*.alz=01;31:*.ace=01;31:*.zoo=01;31:*.cpio=01;31:*.7z=01;31:*.rz=01;31:*.cab=01;31:*.wim=01;31:*.swm=01;31:*.dwm=01;31:*.esd=01;31:*.jpg=01;35:*.jpeg=01;35:*.mjpg=01;35:*.mjpeg=01;35:*.gif=01;35:*.bmp=01;35:*.pbm=01;35:*.pgm=01;35:*.ppm=01;35:*.tga=01;35:*.xbm=01;35:*.xpm=01;35:*.tif=01;35:*.tiff=01;35:*.png=01;35:*.svg=01;35:*.svgz=01;35:*.mng=01;35:*.pcx=01;35:*.mov=01;35:*.mpg=01;35:*.mpeg=01;35:*.m2v=01;35:*.mkv=01;35:*.webm=01;35:*.webp=01;35:*.ogm=01;35:*.mp4=01;35:*.m4v=01;35:*.mp4v=01;35:*.vob=01;35:*.qt=01;35:*.nuv=01;35:*.wmv=01;35:*.asf=01;35:*.rm=01;35:*.rmvb=01;35:*.flc=01;35:*.avi=01;35:*.fli=01;35:*.flv=01;35:*.gl=01;35:*.dl=01;35:*.xcf=01;35:*.xwd=01;35:*.yuv=01;35:*.cgm=01;35:*.emf=01;35:*.ogv=01;35:*.ogx=01;35:*.aac=00;36:*.au=00;36:*.flac=00;36:*.m4a=00;36:*.mid=00;36:*.midi=00;36:*.mka=00;36:*.mp3=00;36:*.mpc=00;36:*.ogg=00;36:*.ra=00;36:*.wav=00;36:*.oga=00;36:*.opus=00;36:*.spx=00;36:*.xspf=00;36:'), ('TERM_PROGRAM', 'vscode'), ('VSCODE_GIT_IPC_HANDLE', '/tmp/vscode-git-24568e9115.sock'), ('AMENT_PREFIX_PATH', '/home/ALEX/3dev/ros/install/test_py_pkg:/home/ALEX/3dev/ros/install/test_cpp_pkg:/opt/ros/humble'), ('SHELL', '/bin/zsh'), ('VSCODE_GIT_ASKPASS_EXTRA_ARGS', ''), ('LC_ALL', 'C.UTF-8'), ('PWD', '/home/ALEX/3dev/ros/build/test_cpp_pkg'), ('ZDOTDIR', '/root'), ('PYTHONPATH', '/home/ALEX/3dev/ros/build/test_py_pkg:/home/ALEX/3dev/ros/install/test_py_pkg/lib/python3.10/site-packages:/opt/ros/humble/lib/python3.10/site-packages:/opt/ros/humble/local/lib/python3.10/dist-packages'), ('COLCON', '1'), ('EDITOR', 'vim'), ('CMAKE_PREFIX_PATH', '/home/ALEX/3dev/ros/install/test_cpp_pkg:/home/ALEX/3dev/ros/install/test_py_pkg:/opt/ros/humble')]), 'shell': False}
[0.047861] (test_cpp_pkg) StdoutLine: {'line': b'\x1b[35m\x1b[1mConsolidate compiler generated dependencies of target test_client_nop\x1b[0m\n'}
[0.055072] (test_cpp_pkg) StdoutLine: {'line': b'[  7%] \x1b[32m\x1b[1mLinking CXX executable test_client_op\x1b[0m\n'}
[0.057520] (test_cpp_pkg) StdoutLine: {'line': b'[ 21%] Built target test_listener\n'}
[0.057970] (test_cpp_pkg) StdoutLine: {'line': b'[ 42%] Built target test_publisher\n'}
[0.058069] (test_cpp_pkg) StdoutLine: {'line': b'[ 50%] Built target number_publisher\n'}
[0.060448] (test_cpp_pkg) StdoutLine: {'line': b'[ 64%] Built target test_node\n'}
[0.061317] (test_cpp_pkg) StdoutLine: {'line': b'[ 78%] Built target test_server\n'}
[0.063107] (test_cpp_pkg) StdoutLine: {'line': b'[ 85%] \x1b[32mBuilding CXX object CMakeFiles/test_client_nop.dir/src/test_client_nop.cpp.o\x1b[0m\n'}
[0.099818] (-) TimerEvent: {}
[0.111338] (test_cpp_pkg) StderrLine: {'line': b"/usr/bin/ld: /usr/lib/gcc/x86_64-linux-gnu/11/../../../x86_64-linux-gnu/Scrt1.o: in function `_start':\n"}
[0.111542] (test_cpp_pkg) StderrLine: {'line': b"(.text+0x1b): undefined reference to `main'\n"}
[0.112659] (test_cpp_pkg) StderrLine: {'line': b'collect2: error: ld returned 1 exit status\n'}
[0.113784] (test_cpp_pkg) StderrLine: {'line': b'gmake[2]: *** [CMakeFiles/test_client_op.dir/build.make:175: test_client_op] Error 1\n'}
[0.113926] (test_cpp_pkg) StderrLine: {'line': b'gmake[1]: *** [CMakeFiles/Makefile2:279: CMakeFiles/test_client_op.dir/all] Error 2\n'}
[0.114021] (test_cpp_pkg) StderrLine: {'line': b'gmake[1]: *** Waiting for unfinished jobs....\n'}
[0.199907] (-) TimerEvent: {}
[0.300164] (-) TimerEvent: {}
[0.400417] (-) TimerEvent: {}
[0.500689] (-) TimerEvent: {}
[0.600962] (-) TimerEvent: {}
[0.701215] (-) TimerEvent: {}
[0.801470] (-) TimerEvent: {}
[0.901739] (-) TimerEvent: {}
[1.002017] (-) TimerEvent: {}
[1.102281] (-) TimerEvent: {}
[1.202517] (-) TimerEvent: {}
[1.302768] (-) TimerEvent: {}
[1.403011] (-) TimerEvent: {}
[1.503253] (-) TimerEvent: {}
[1.603512] (-) TimerEvent: {}
[1.703767] (-) TimerEvent: {}
[1.804033] (-) TimerEvent: {}
[1.904286] (-) TimerEvent: {}
[2.004548] (-) TimerEvent: {}
[2.104807] (-) TimerEvent: {}
[2.205063] (-) TimerEvent: {}
[2.305318] (-) TimerEvent: {}
[2.405575] (-) TimerEvent: {}
[2.505985] (-) TimerEvent: {}
[2.606766] (-) TimerEvent: {}
[2.707025] (-) TimerEvent: {}
[2.807304] (-) TimerEvent: {}
[2.907561] (-) TimerEvent: {}
[3.007819] (-) TimerEvent: {}
[3.108069] (-) TimerEvent: {}
[3.163671] (test_cpp_pkg) StdoutLine: {'line': b'[ 92%] \x1b[32m\x1b[1mLinking CXX executable test_client_nop\x1b[0m\n'}
[3.208177] (-) TimerEvent: {}
[3.308447] (-) TimerEvent: {}
[3.337911] (test_cpp_pkg) StdoutLine: {'line': b'[ 92%] Built target test_client_nop\n'}
[3.338952] (test_cpp_pkg) StderrLine: {'line': b'gmake: *** [Makefile:146: all] Error 2\n'}
[3.341044] (test_cpp_pkg) CommandEnded: {'returncode': 2}
[3.387024] (test_cpp_pkg) JobEnded: {'identifier': 'test_cpp_pkg', 'rc': 2}
[3.397488] (-) EventReactorShutdown: {}
