[0.015s] Invoking command in '/home/ALEX/anytrack/ros/build/scanner_interfaces': CMAKE_PREFIX_PATH=${CMAKE_PREFIX_PATH}:/home/ALEX/anytrack/ros/install/test_py_pkg:/home/ALEX/anytrack/ros/install/scannerV2:/home/ALEX/anytrack/ros/install/scanner:/home/ALEX/anytrack/ros/install/anytrack:/opt/ros/humble /usr/bin/cmake --build /home/ALEX/anytrack/ros/build/scanner_interfaces -- -j12 -l12
[0.035s] -- Found ament_cmake: 1.3.4 (/opt/ros/humble/share/ament_cmake/cmake)
[0.169s] -- Found rosidl_default_generators: 1.2.0 (/opt/ros/humble/share/rosidl_default_generators/cmake)
[0.172s] -- Using all available rosidl_typesupport_c: rosidl_typesupport_fastrtps_c;rosidl_typesupport_introspection_c
[0.175s] -- Found rosidl_adapter: 3.1.4 (/opt/ros/humble/share/rosidl_adapter/cmake)
[0.206s] -- Using all available rosidl_typesupport_cpp: rosidl_typesupport_fastrtps_cpp;rosidl_typesupport_introspection_cpp
[0.470s] -- Found ament_cmake_ros: 0.10.0 (/opt/ros/humble/share/ament_cmake_ros/cmake)
[0.654s] -- Using all available rosidl_typesupport_c: rosidl_typesupport_fastrtps_c;rosidl_typesupport_introspection_c
[0.875s] -- Using all available rosidl_typesupport_cpp: rosidl_typesupport_fastrtps_cpp;rosidl_typesupport_introspection_cpp
[0.896s] -- Found python_cmake_module: 0.10.0 (/opt/ros/humble/share/python_cmake_module/cmake)
[0.919s] -- Using PYTHON_EXECUTABLE: /usr/bin/python3
[0.919s] -- Using PYTHON_INCLUDE_DIRS: /usr/include/python3.10
[0.919s] -- Using PYTHON_LIBRARIES: /usr/lib/x86_64-linux-gnu/libpython3.10.so
[0.941s] -- Configuring done
[0.980s] -- Generating done
[0.983s] -- Build files have been written to: /home/ALEX/anytrack/ros/build/scanner_interfaces
[1.001s] [  1%] [34m[1mGenerating C code for ROS interfaces[0m
[1.008s] [  3%] [34m[1mGenerating C++ code for ROS interfaces[0m
[1.018s] [  3%] Built target ament_cmake_python_copy_scanner_interfaces
[1.261s] running egg_info
[1.261s] writing scanner_interfaces.egg-info/PKG-INFO
[1.261s] writing dependency_links to scanner_interfaces.egg-info/dependency_links.txt
[1.261s] writing top-level names to scanner_interfaces.egg-info/top_level.txt
[1.263s] reading manifest file 'scanner_interfaces.egg-info/SOURCES.txt'
[1.264s] writing manifest file 'scanner_interfaces.egg-info/SOURCES.txt'
[1.288s] [  3%] Built target ament_cmake_python_build_scanner_interfaces_egg
[1.426s] [  3%] Built target scanner_interfaces__cpp
[1.435s] [  5%] [34m[1mGenerating C++ type support for eProsima Fast-RTPS[0m
[1.435s] [  7%] [34m[1mGenerating C++ type support dispatch for ROS interfaces[0m
[1.436s] [  9%] [34m[1mGenerating C++ introspection for ROS interfaces[0m
[1.443s] [35m[1mConsolidate compiler generated dependencies of target scanner_interfaces__rosidl_generator_c[0m
[1.454s] [ 12%] [32mBuilding C object CMakeFiles/scanner_interfaces__rosidl_generator_c.dir/rosidl_generator_c/scanner_interfaces/msg/detail/tracks__functions.c.o[0m
[1.454s] [ 12%] [32mBuilding C object CMakeFiles/scanner_interfaces__rosidl_generator_c.dir/rosidl_generator_c/scanner_interfaces/msg/detail/location__functions.c.o[0m
[1.456s] [ 14%] [32mBuilding C object CMakeFiles/scanner_interfaces__rosidl_generator_c.dir/rosidl_generator_c/scanner_interfaces/msg/detail/object__functions.c.o[0m
[1.456s] [ 16%] [32mBuilding C object CMakeFiles/scanner_interfaces__rosidl_generator_c.dir/rosidl_generator_c/scanner_interfaces/msg/detail/camera_locations__functions.c.o[0m
[1.472s] In file included from [01m[K/home/ALEX/anytrack/ros/build/scanner_interfaces/rosidl_generator_c/scanner_interfaces/msg/detail/tracks__functions.h:19[m[K,
[1.473s]                  from [01m[K/home/ALEX/anytrack/ros/build/scanner_interfaces/rosidl_generator_c/scanner_interfaces/msg/detail/tracks__functions.c:4[m[K:
[1.473s] [01m[K/home/ALEX/anytrack/ros/build/scanner_interfaces/rosidl_generator_c/scanner_interfaces/msg/detail/tracks__struct.h:22:10:[m[K [01;31m[Kfatal error: [m[Kstd_msgs/msg/detail/header__struct.h: No such file or directory
[1.473s]    22 | #include [01;31m[K"std_msgs/msg/detail/header__struct.h"[m[K
[1.473s]       |          [01;31m[K^~~~~~~~~~~~~~~~~~~~~~~~~~~~~~~~~~~~~~[m[K
[1.473s] compilation terminated.
[1.473s] gmake[2]: *** [CMakeFiles/scanner_interfaces__rosidl_generator_c.dir/build.make:167: CMakeFiles/scanner_interfaces__rosidl_generator_c.dir/rosidl_generator_c/scanner_interfaces/msg/detail/tracks__functions.c.o] Error 1
[1.473s] gmake[2]: *** Waiting for unfinished jobs....
[1.509s] gmake[1]: *** [CMakeFiles/Makefile2:213: CMakeFiles/scanner_interfaces__rosidl_generator_c.dir/all] Error 2
[1.509s] gmake[1]: *** Waiting for unfinished jobs....
[1.767s] [35m[1mConsolidate compiler generated dependencies of target scanner_interfaces__rosidl_typesupport_cpp[0m
[1.783s] [ 20%] [32mBuilding CXX object CMakeFiles/scanner_interfaces__rosidl_typesupport_cpp.dir/rosidl_typesupport_cpp/scanner_interfaces/msg/tracks__type_support.cpp.o[0m
[1.783s] [ 20%] [32mBuilding CXX object CMakeFiles/scanner_interfaces__rosidl_typesupport_cpp.dir/rosidl_typesupport_cpp/scanner_interfaces/msg/object__type_support.cpp.o[0m
[1.783s] [ 23%] [32mBuilding CXX object CMakeFiles/scanner_interfaces__rosidl_typesupport_cpp.dir/rosidl_typesupport_cpp/scanner_interfaces/msg/location__type_support.cpp.o[0m
[1.784s] [ 21%] [32mBuilding CXX object CMakeFiles/scanner_interfaces__rosidl_typesupport_cpp.dir/rosidl_typesupport_cpp/scanner_interfaces/msg/camera_locations__type_support.cpp.o[0m
[1.800s] [35m[1mConsolidate compiler generated dependencies of target scanner_interfaces__rosidl_typesupport_introspection_cpp[0m
[1.816s] [ 25%] [32mBuilding CXX object CMakeFiles/scanner_interfaces__rosidl_typesupport_introspection_cpp.dir/rosidl_typesupport_introspection_cpp/scanner_interfaces/msg/detail/camera_locations__type_support.cpp.o[0m
[1.817s] [ 29%] [32mBuilding CXX object CMakeFiles/scanner_interfaces__rosidl_typesupport_introspection_cpp.dir/rosidl_typesupport_introspection_cpp/scanner_interfaces/msg/detail/location__type_support.cpp.o[0m
[1.818s] [ 29%] [32mBuilding CXX object CMakeFiles/scanner_interfaces__rosidl_typesupport_introspection_cpp.dir/rosidl_typesupport_introspection_cpp/scanner_interfaces/msg/detail/tracks__type_support.cpp.o[0m
[1.820s] [ 30%] [32mBuilding CXX object CMakeFiles/scanner_interfaces__rosidl_typesupport_introspection_cpp.dir/rosidl_typesupport_introspection_cpp/scanner_interfaces/msg/detail/object__type_support.cpp.o[0m
[1.864s] In file included from [01m[K/home/ALEX/anytrack/ros/build/scanner_interfaces/rosidl_typesupport_cpp/scanner_interfaces/msg/tracks__type_support.cpp:7[m[K:
[1.864s] [01m[K/home/ALEX/anytrack/ros/build/scanner_interfaces/rosidl_generator_cpp/scanner_interfaces/msg/detail/tracks__struct.hpp:20:10:[m[K [01;31m[Kfatal error: [m[Kstd_msgs/msg/detail/header__struct.hpp: No such file or directory
[1.864s]    20 | #include [01;31m[K"std_msgs/msg/detail/header__struct.hpp"[m[K
[1.864s]       |          [01;31m[K^~~~~~~~~~~~~~~~~~~~~~~~~~~~~~~~~~~~~~~~[m[K
[1.864s] compilation terminated.
[1.865s] gmake[2]: *** [CMakeFiles/scanner_interfaces__rosidl_typesupport_cpp.dir/build.make:112: CMakeFiles/scanner_interfaces__rosidl_typesupport_cpp.dir/rosidl_typesupport_cpp/scanner_interfaces/msg/tracks__type_support.cpp.o] Error 1
[1.865s] gmake[2]: *** Waiting for unfinished jobs....
[1.866s] [35m[1mConsolidate compiler generated dependencies of target scanner_interfaces__rosidl_typesupport_fastrtps_cpp[0m
[1.881s] [ 32%] [32mBuilding CXX object CMakeFiles/scanner_interfaces__rosidl_typesupport_fastrtps_cpp.dir/rosidl_typesupport_fastrtps_cpp/scanner_interfaces/msg/detail/dds_fastrtps/object__type_support.cpp.o[0m
[1.884s] [ 34%] [32mBuilding CXX object CMakeFiles/scanner_interfaces__rosidl_typesupport_fastrtps_cpp.dir/rosidl_typesupport_fastrtps_cpp/scanner_interfaces/msg/detail/dds_fastrtps/location__type_support.cpp.o[0m
[1.884s] [ 36%] [32mBuilding CXX object CMakeFiles/scanner_interfaces__rosidl_typesupport_fastrtps_cpp.dir/rosidl_typesupport_fastrtps_cpp/scanner_interfaces/msg/detail/dds_fastrtps/tracks__type_support.cpp.o[0m
[1.891s] [ 38%] [32mBuilding CXX object CMakeFiles/scanner_interfaces__rosidl_typesupport_fastrtps_cpp.dir/rosidl_typesupport_fastrtps_cpp/scanner_interfaces/msg/detail/dds_fastrtps/camera_locations__type_support.cpp.o[0m
[1.901s] In file included from [01m[K/home/ALEX/anytrack/ros/build/scanner_interfaces/rosidl_typesupport_introspection_cpp/scanner_interfaces/msg/detail/tracks__type_support.cpp:12[m[K:
[1.901s] [01m[K/home/ALEX/anytrack/ros/build/scanner_interfaces/rosidl_generator_cpp/scanner_interfaces/msg/detail/tracks__struct.hpp:20:10:[m[K [01;31m[Kfatal error: [m[Kstd_msgs/msg/detail/header__struct.hpp: No such file or directory
[1.902s]    20 | #include [01;31m[K"std_msgs/msg/detail/header__struct.hpp"[m[K
[1.903s]       |          [01;31m[K^~~~~~~~~~~~~~~~~~~~~~~~~~~~~~~~~~~~~~~~[m[K
[1.904s] compilation terminated.
[1.906s] gmake[2]: *** [CMakeFiles/scanner_interfaces__rosidl_typesupport_introspection_cpp.dir/build.make:126: CMakeFiles/scanner_interfaces__rosidl_typesupport_introspection_cpp.dir/rosidl_typesupport_introspection_cpp/scanner_interfaces/msg/detail/tracks__type_support.cpp.o] Error 1
[1.906s] gmake[2]: *** Waiting for unfinished jobs....
[1.958s] In file included from [01m[K/home/ALEX/anytrack/ros/build/scanner_interfaces/rosidl_typesupport_fastrtps_cpp/scanner_interfaces/msg/detail/tracks__rosidl_typesupport_fastrtps_cpp.hpp:11[m[K,
[1.958s]                  from [01m[K/home/ALEX/anytrack/ros/build/scanner_interfaces/rosidl_typesupport_fastrtps_cpp/scanner_interfaces/msg/detail/dds_fastrtps/tracks__type_support.cpp:4[m[K:
[1.958s] [01m[K/home/ALEX/anytrack/ros/build/scanner_interfaces/rosidl_generator_cpp/scanner_interfaces/msg/detail/tracks__struct.hpp:20:10:[m[K [01;31m[Kfatal error: [m[Kstd_msgs/msg/detail/header__struct.hpp: No such file or directory
[1.958s]    20 | #include [01;31m[K"std_msgs/msg/detail/header__struct.hpp"[m[K
[1.958s]       |          [01;31m[K^~~~~~~~~~~~~~~~~~~~~~~~~~~~~~~~~~~~~~~~[m[K
[1.958s] compilation terminated.
[1.960s] gmake[2]: *** [CMakeFiles/scanner_interfaces__rosidl_typesupport_fastrtps_cpp.dir/build.make:126: CMakeFiles/scanner_interfaces__rosidl_typesupport_fastrtps_cpp.dir/rosidl_typesupport_fastrtps_cpp/scanner_interfaces/msg/detail/dds_fastrtps/tracks__type_support.cpp.o] Error 1
[1.960s] gmake[2]: *** Waiting for unfinished jobs....
[2.150s] gmake[1]: *** [CMakeFiles/Makefile2:395: CMakeFiles/scanner_interfaces__rosidl_typesupport_cpp.dir/all] Error 2
[2.363s] gmake[1]: *** [CMakeFiles/Makefile2:369: CMakeFiles/scanner_interfaces__rosidl_typesupport_introspection_cpp.dir/all] Error 2
[2.431s] gmake[1]: *** [CMakeFiles/Makefile2:343: CMakeFiles/scanner_interfaces__rosidl_typesupport_fastrtps_cpp.dir/all] Error 2
[2.431s] gmake: *** [Makefile:146: all] Error 2
[2.433s] Invoked command in '/home/ALEX/anytrack/ros/build/scanner_interfaces' returned '2': CMAKE_PREFIX_PATH=${CMAKE_PREFIX_PATH}:/home/ALEX/anytrack/ros/install/test_py_pkg:/home/ALEX/anytrack/ros/install/scannerV2:/home/ALEX/anytrack/ros/install/scanner:/home/ALEX/anytrack/ros/install/anytrack:/opt/ros/humble /usr/bin/cmake --build /home/ALEX/anytrack/ros/build/scanner_interfaces -- -j12 -l12
