[0.015s] Invoking command in '/home/ALEX/3dev/ros/build/test_cpp_pkg': CMAKE_PREFIX_PATH=${CMAKE_PREFIX_PATH}:/home/ALEX/3dev/ros/install/test_py_pkg:/opt/ros/humble /usr/bin/cmake --build /home/ALEX/3dev/ros/build/test_cpp_pkg -- -j12 -l12
[0.048s] [35m[1mConsolidate compiler generated dependencies of target test_client_nop[0m
[0.055s] [  7%] [32m[1mLinking CXX executable test_client_op[0m
[0.059s] [ 50%] Built target test_listener
[0.059s] [ 50%] Built target test_node
[0.059s] [ 50%] Built target test_publisher
[0.060s] [ 64%] Built target number_publisher
[0.060s] [ 78%] Built target test_server
[0.066s] [ 92%] Built target test_client_nop
[0.112s] /usr/bin/ld: /usr/lib/gcc/x86_64-linux-gnu/11/../../../x86_64-linux-gnu/Scrt1.o: in function `_start':
[0.112s] (.text+0x1b): undefined reference to `main'
[0.113s] collect2: error: ld returned 1 exit status
[0.114s] gmake[2]: *** [CMakeFiles/test_client_op.dir/build.make:175: test_client_op] Error 1
[0.115s] gmake[1]: *** [CMakeFiles/Makefile2:279: CMakeFiles/test_client_op.dir/all] Error 2
[0.115s] gmake: *** [Makefile:146: all] Error 2
[0.116s] Invoked command in '/home/ALEX/3dev/ros/build/test_cpp_pkg' returned '2': CMAKE_PREFIX_PATH=${CMAKE_PREFIX_PATH}:/home/ALEX/3dev/ros/install/test_py_pkg:/opt/ros/humble /usr/bin/cmake --build /home/ALEX/3dev/ros/build/test_cpp_pkg -- -j12 -l12
