-- Found ament_cmake: 1.3.2 (/opt/ros/humble/share/ament_cmake/cmake)
-- Found rclcpp: 16.0.1 (/opt/ros/humble/share/rclcpp/cmake)
-- Found rosidl_generator_c: 3.1.3 (/opt/ros/humble/share/rosidl_generator_c/cmake)
-- Found rosidl_adapter: 3.1.3 (/opt/ros/humble/share/rosidl_adapter/cmake)
-- Found rosidl_generator_cpp: 3.1.3 (/opt/ros/humble/share/rosidl_generator_cpp/cmake)
-- Using all available rosidl_typesupport_c: rosidl_typesupport_fastrtps_c;rosidl_typesupport_introspection_c
-- Using all available rosidl_typesupport_cpp: rosidl_typesupport_fastrtps_cpp;rosidl_typesupport_introspection_cpp
-- Found rmw_implementation_cmake: 6.1.0 (/opt/ros/humble/share/rmw_implementation_cmake/cmake)
-- Found rmw_fastrtps_cpp: 6.2.1 (/opt/ros/humble/share/rmw_fastrtps_cpp/cmake)
-- Using RMW implementation 'rmw_fastrtps_cpp' as default
-- Found example_interfaces: 0.9.3 (/opt/ros/humble/share/example_interfaces/cmake)
-- Configuring done
-- Generating done
-- Build files have been written to: /home/ALEX/3dev/ros/build/test_cpp_pkg
[35m[1mConsolidate compiler generated dependencies of target test_server[0m
[35m[1mConsolidate compiler generated dependencies of target number_publisher[0m
[35m[1mConsolidate compiler generated dependencies of target test_listener[0m
[35m[1mConsolidate compiler generated dependencies of target test_node[0m
[35m[1mConsolidate compiler generated dependencies of target test_publisher[0m
[ 14%] [32mBuilding CXX object CMakeFiles/test_client_op.dir/src/test_client_op.cpp.o[0m
[ 14%] [32mBuilding CXX object CMakeFiles/test_client_nop.dir/src/test_client_nop.cpp.o[0m
[ 42%] Built target number_publisher
[ 42%] Built target test_server
[ 57%] Built target test_node
[ 71%] Built target test_listener
[ 85%] Built target test_publisher
[ 92%] [32m[1mLinking CXX executable test_client_op[0m
/usr/bin/ld: /usr/lib/gcc/x86_64-linux-gnu/11/../../../x86_64-linux-gnu/Scrt1.o: in function `_start':
(.text+0x1b): undefined reference to `main'
collect2: error: ld returned 1 exit status
gmake[2]: *** [CMakeFiles/test_client_op.dir/build.make:175: test_client_op] Error 1
gmake[1]: *** [CMakeFiles/Makefile2:279: CMakeFiles/test_client_op.dir/all] Error 2
gmake[1]: *** Waiting for unfinished jobs....
[01m[K/home/ALEX/3dev/ros/src/test_cpp_pkg/src/test_client_nop.cpp:[m[K In function â€˜[01m[Kint main(int, char**)[m[Kâ€™:
[01m[K/home/ALEX/3dev/ros/src/test_cpp_pkg/src/test_client_nop.cpp:20:69:[m[K [01;31m[Kerror: [m[Kâ€˜[01m[Krclcpp::executor[m[Kâ€™ has not been declared
   20 |     if (rclcpp::spin_until_future_complete(node, future) == rclcpp::[01;31m[Kexecutor[m[K::FutureReturnCode::SUCCESS){
      |                                                                     [01;31m[K^~~~~~~~[m[K
In file included from [01m[K/opt/ros/humble/include/rclcpp/rclcpp/client.hpp:40[m[K,
                 from [01m[K/opt/ros/humble/include/rclcpp/rclcpp/callback_group.hpp:23[m[K,
                 from [01m[K/opt/ros/humble/include/rclcpp/rclcpp/any_executable.hpp:20[m[K,
                 from [01m[K/opt/ros/humble/include/rclcpp/rclcpp/memory_strategy.hpp:25[m[K,
                 from [01m[K/opt/ros/humble/include/rclcpp/rclcpp/memory_strategies.hpp:18[m[K,
                 from [01m[K/opt/ros/humble/include/rclcpp/rclcpp/executor_options.hpp:20[m[K,
                 from [01m[K/opt/ros/humble/include/rclcpp/rclcpp/executor.hpp:37[m[K,
                 from [01m[K/opt/ros/humble/include/rclcpp/rclcpp/executors/multi_threaded_executor.hpp:25[m[K,
                 from [01m[K/opt/ros/humble/include/rclcpp/rclcpp/executors.hpp:21[m[K,
                 from [01m[K/opt/ros/humble/include/rclcpp/rclcpp/rclcpp.hpp:155[m[K,
                 from [01m[K/home/ALEX/3dev/ros/src/test_cpp_pkg/src/test_client_nop.cpp:2[m[K:
[01m[K/home/ALEX/3dev/ros/src/test_cpp_pkg/src/test_client_nop.cpp:21:21:[m[K [01;31m[Kerror: [m[Kinvalid use of â€˜[01m[Kthis[m[Kâ€™ in non-member function
   21 |         RCLCPP_INFO([01;31m[Kthis[m[K->get_logger(), "%ld + %ld = %ld", request->a, request->b, response->sum);
      |                     [01;31m[K^~~~[m[K
[01m[K/home/ALEX/3dev/ros/src/test_cpp_pkg/src/test_client_nop.cpp:21:21:[m[K [01;31m[Kerror: [m[Kinvalid use of â€˜[01m[Kthis[m[Kâ€™ in non-member function
[01m[K/home/ALEX/3dev/ros/src/test_cpp_pkg/src/test_client_nop.cpp:21:9:[m[K [01;31m[Kerror: [m[Ktemplate argument 1 is invalid
   21 |         [01;31m[KRCLCPP_INFO[m[K(this->get_logger(), "%ld + %ld = %ld", request->a, request->b, response->sum);
      |         [01;31m[K^~~~~~~~~~~[m[K
[01m[K/home/ALEX/3dev/ros/src/test_cpp_pkg/src/test_client_nop.cpp:21:9:[m[K [01;31m[Kerror: [m[Kâ€˜[01m[K<declaration error>[m[Kâ€™ is not a template [[01;31m[K]8;;https://gcc.gnu.org/onlinedocs/gcc/Warning-Options.html#index-fpermissive-fpermissive]8;;[m[K]
   21 |         [01;31m[KRCLCPP_INFO[m[K(this->get_logger(), "%ld + %ld = %ld", request->a, request->b, response->sum);
      |         [01;31m[K^~~~~~~~~~~[m[K
[01m[K/home/ALEX/3dev/ros/src/test_cpp_pkg/src/test_client_nop.cpp:21:9:[m[K [01;31m[Kerror: [m[Ktemplate argument 1 is invalid
   21 |         [01;31m[KRCLCPP_INFO[m[K(this->get_logger(), "%ld + %ld = %ld", request->a, request->b, response->sum);
      |         [01;31m[K^~~~~~~~~~~[m[K
[01m[K/home/ALEX/3dev/ros/src/test_cpp_pkg/src/test_client_nop.cpp:21:9:[m[K [01;31m[Kerror: [m[Kâ€˜[01m[K<declaration error>[m[Kâ€™ is not a template [[01;31m[K]8;;https://gcc.gnu.org/onlinedocs/gcc/Warning-Options.html#index-fpermissive-fpermissive]8;;[m[K]
   21 |         [01;31m[KRCLCPP_INFO[m[K(this->get_logger(), "%ld + %ld = %ld", request->a, request->b, response->sum);
      |         [01;31m[K^~~~~~~~~~~[m[K
[01m[K/home/ALEX/3dev/ros/src/test_cpp_pkg/src/test_client_nop.cpp:21:9:[m[K [01;31m[Kerror: [m[Ktemplate argument 1 is invalid
   21 |         [01;31m[KRCLCPP_INFO[m[K(this->get_logger(), "%ld + %ld = %ld", request->a, request->b, response->sum);
      |         [01;31m[K^~~~~~~~~~~[m[K
In file included from [01m[K/opt/ros/humble/include/rclcpp/rclcpp/logging.hpp:24[m[K,
                 from [01m[K/opt/ros/humble/include/rclcpp/rclcpp/client.hpp:40[m[K,
                 from [01m[K/opt/ros/humble/include/rclcpp/rclcpp/callback_group.hpp:23[m[K,
                 from [01m[K/opt/ros/humble/include/rclcpp/rclcpp/any_executable.hpp:20[m[K,
                 from [01m[K/opt/ros/humble/include/rclcpp/rclcpp/memory_strategy.hpp:25[m[K,
                 from [01m[K/opt/ros/humble/include/rclcpp/rclcpp/memory_strategies.hpp:18[m[K,
                 from [01m[K/opt/ros/humble/include/rclcpp/rclcpp/executor_options.hpp:20[m[K,
                 from [01m[K/opt/ros/humble/include/rclcpp/rclcpp/executor.hpp:37[m[K,
                 from [01m[K/opt/ros/humble/include/rclcpp/rclcpp/executors/multi_threaded_executor.hpp:25[m[K,
                 from [01m[K/opt/ros/humble/include/rclcpp/rclcpp/executors.hpp:21[m[K,
                 from [01m[K/opt/ros/humble/include/rclcpp/rclcpp/rclcpp.hpp:155[m[K,
                 from [01m[K/home/ALEX/3dev/ros/src/test_cpp_pkg/src/test_client_nop.cpp:2[m[K:
[01m[K/home/ALEX/3dev/ros/src/test_cpp_pkg/src/test_client_nop.cpp:21:21:[m[K [01;31m[Kerror: [m[Kinvalid use of â€˜[01m[Kthis[m[Kâ€™ in non-member function
   21 |         RCLCPP_INFO([01;31m[Kthis[m[K->get_logger(), "%ld + %ld = %ld", request->a, request->b, response->sum);
      |                     [01;31m[K^~~~[m[K
[01m[K/home/ALEX/3dev/ros/src/test_cpp_pkg/src/test_client_nop.cpp:21:21:[m[K [01;31m[Kerror: [m[Kinvalid use of â€˜[01m[Kthis[m[Kâ€™ in non-member function
   21 |         RCLCPP_INFO([01;31m[Kthis[m[K->get_logger(), "%ld + %ld = %ld", request->a, request->b, response->sum);
      |                     [01;31m[K^~~~[m[K
[01m[K/home/ALEX/3dev/ros/src/test_cpp_pkg/src/test_client_nop.cpp:21:84:[m[K [01;31m[Kerror: [m[Kâ€˜[01m[Kresponse[m[Kâ€™ was not declared in this scope
   21 |         RCLCPP_INFO(this->get_logger(), "%ld + %ld = %ld", request->a, request->b, [01;31m[Kresponse[m[K->sum);
      |                                                                                    [01;31m[K^~~~~~~~[m[K
In file included from [01m[K/opt/ros/humble/include/rclcpp/rclcpp/client.hpp:40[m[K,
                 from [01m[K/opt/ros/humble/include/rclcpp/rclcpp/callback_group.hpp:23[m[K,
                 from [01m[K/opt/ros/humble/include/rclcpp/rclcpp/any_executable.hpp:20[m[K,
                 from [01m[K/opt/ros/humble/include/rclcpp/rclcpp/memory_strategy.hpp:25[m[K,
                 from [01m[K/opt/ros/humble/include/rclcpp/rclcpp/memory_strategies.hpp:18[m[K,
                 from [01m[K/opt/ros/humble/include/rclcpp/rclcpp/executor_options.hpp:20[m[K,
                 from [01m[K/opt/ros/humble/include/rclcpp/rclcpp/executor.hpp:37[m[K,
                 from [01m[K/opt/ros/humble/include/rclcpp/rclcpp/executors/multi_threaded_executor.hpp:25[m[K,
                 from [01m[K/opt/ros/humble/include/rclcpp/rclcpp/executors.hpp:21[m[K,
                 from [01m[K/opt/ros/humble/include/rclcpp/rclcpp/rclcpp.hpp:155[m[K,
                 from [01m[K/home/ALEX/3dev/ros/src/test_cpp_pkg/src/test_client_nop.cpp:2[m[K:
[01m[K/home/ALEX/3dev/ros/src/test_cpp_pkg/src/test_client_nop.cpp:24:22:[m[K [01;31m[Kerror: [m[Kinvalid use of â€˜[01m[Kthis[m[Kâ€™ in non-member function
   24 |         RCLCPP_ERROR([01;31m[Kthis[m[K->get_logger(), "Error while calling service");
      |                      [01;31m[K^~~~[m[K
[01m[K/home/ALEX/3dev/ros/src/test_cpp_pkg/src/test_client_nop.cpp:24:22:[m[K [01;31m[Kerror: [m[Kinvalid use of â€˜[01m[Kthis[m[Kâ€™ in non-member function
[01m[K/home/ALEX/3dev/ros/src/test_cpp_pkg/src/test_client_nop.cpp:24:9:[m[K [01;31m[Kerror: [m[Ktemplate argument 1 is invalid
   24 |         [01;31m[KRCLCPP_ERROR[m[K(this->get_logger(), "Error while calling service");
      |         [01;31m[K^~~~~~~~~~~~[m[K
[01m[K/home/ALEX/3dev/ros/src/test_cpp_pkg/src/test_client_nop.cpp:24:9:[m[K [01;31m[Kerror: [m[Kâ€˜[01m[K<declaration error>[m[Kâ€™ is not a template [[01;31m[K]8;;https://gcc.gnu.org/onlinedocs/gcc/Warning-Options.html#index-fpermissive-fpermissive]8;;[m[K]
   24 |         [01;31m[KRCLCPP_ERROR[m[K(this->get_logger(), "Error while calling service");
      |         [01;31m[K^~~~~~~~~~~~[m[K
[01m[K/home/ALEX/3dev/ros/src/test_cpp_pkg/src/test_client_nop.cpp:24:9:[m[K [01;31m[Kerror: [m[Ktemplate argument 1 is invalid
   24 |         [01;31m[KRCLCPP_ERROR[m[K(this->get_logger(), "Error while calling service");
      |         [01;31m[K^~~~~~~~~~~~[m[K
[01m[K/home/ALEX/3dev/ros/src/test_cpp_pkg/src/test_client_nop.cpp:24:9:[m[K [01;31m[Kerror: [m[Kâ€˜[01m[K<declaration error>[m[Kâ€™ is not a template [[01;31m[K]8;;https://gcc.gnu.org/onlinedocs/gcc/Warning-Options.html#index-fpermissive-fpermissive]8;;[m[K]
   24 |         [01;31m[KRCLCPP_ERROR[m[K(this->get_logger(), "Error while calling service");
      |         [01;31m[K^~~~~~~~~~~~[m[K
[01m[K/home/ALEX/3dev/ros/src/test_cpp_pkg/src/test_client_nop.cpp:24:9:[m[K [01;31m[Kerror: [m[Ktemplate argument 1 is invalid
   24 |         [01;31m[KRCLCPP_ERROR[m[K(this->get_logger(), "Error while calling service");
      |         [01;31m[K^~~~~~~~~~~~[m[K
In file included from [01m[K/opt/ros/humble/include/rclcpp/rclcpp/logging.hpp:24[m[K,
                 from [01m[K/opt/ros/humble/include/rclcpp/rclcpp/client.hpp:40[m[K,
                 from [01m[K/opt/ros/humble/include/rclcpp/rclcpp/callback_group.hpp:23[m[K,
                 from [01m[K/opt/ros/humble/include/rclcpp/rclcpp/any_executable.hpp:20[m[K,
                 from [01m[K/opt/ros/humble/include/rclcpp/rclcpp/memory_strategy.hpp:25[m[K,
                 from [01m[K/opt/ros/humble/include/rclcpp/rclcpp/memory_strategies.hpp:18[m[K,
                 from [01m[K/opt/ros/humble/include/rclcpp/rclcpp/executor_options.hpp:20[m[K,
                 from [01m[K/opt/ros/humble/include/rclcpp/rclcpp/executor.hpp:37[m[K,
                 from [01m[K/opt/ros/humble/include/rclcpp/rclcpp/executors/multi_threaded_executor.hpp:25[m[K,
                 from [01m[K/opt/ros/humble/include/rclcpp/rclcpp/executors.hpp:21[m[K,
                 from [01m[K/opt/ros/humble/include/rclcpp/rclcpp/rclcpp.hpp:155[m[K,
                 from [01m[K/home/ALEX/3dev/ros/src/test_cpp_pkg/src/test_client_nop.cpp:2[m[K:
[01m[K/home/ALEX/3dev/ros/src/test_cpp_pkg/src/test_client_nop.cpp:24:22:[m[K [01;31m[Kerror: [m[Kinvalid use of â€˜[01m[Kthis[m[Kâ€™ in non-member function
   24 |         RCLCPP_ERROR([01;31m[Kthis[m[K->get_logger(), "Error while calling service");
      |                      [01;31m[K^~~~[m[K
[01m[K/home/ALEX/3dev/ros/src/test_cpp_pkg/src/test_client_nop.cpp:24:22:[m[K [01;31m[Kerror: [m[Kinvalid use of â€˜[01m[Kthis[m[Kâ€™ in non-member function
   24 |         RCLCPP_ERROR([01;31m[Kthis[m[K->get_logger(), "Error while calling service");
      |                      [01;31m[K^~~~[m[K
gmake[2]: *** [CMakeFiles/test_client_nop.dir/build.make:76: CMakeFiles/test_client_nop.dir/src/test_client_nop.cpp.o] Error 1
gmake[1]: *** [CMakeFiles/Makefile2:253: CMakeFiles/test_client_nop.dir/all] Error 2
gmake: *** [Makefile:146: all] Error 2
