[35m[1mConsolidate compiler generated dependencies of target test_client_nop[0m
[  7%] [32m[1mLinking CXX executable test_client_op[0m
[ 21%] Built target test_listener
[ 42%] Built target test_publisher
[ 50%] Built target number_publisher
[ 64%] Built target test_node
[ 78%] Built target test_server
[ 85%] [32mBuilding CXX object CMakeFiles/test_client_nop.dir/src/test_client_nop.cpp.o[0m
/usr/bin/ld: /usr/lib/gcc/x86_64-linux-gnu/11/../../../x86_64-linux-gnu/Scrt1.o: in function `_start':
(.text+0x1b): undefined reference to `main'
collect2: error: ld returned 1 exit status
gmake[2]: *** [CMakeFiles/test_client_op.dir/build.make:175: test_client_op] Error 1
gmake[1]: *** [CMakeFiles/Makefile2:279: CMakeFiles/test_client_op.dir/all] Error 2
gmake[1]: *** Waiting for unfinished jobs....
[ 92%] [32m[1mLinking CXX executable test_client_nop[0m
[ 92%] Built target test_client_nop
gmake: *** [Makefile:146: all] Error 2
