[0.008s] Invoking command in '/home/ALEX/anytrack/ros/build/opencv_cam': CMAKE_PREFIX_PATH=${CMAKE_PREFIX_PATH}:/home/ALEX/anytrack/ros/install/test_py_pkg:/home/ALEX/anytrack/ros/install/scanner:/opt/ros/humble /usr/bin/cmake --build /home/ALEX/anytrack/ros/build/opencv_cam -- -j12 -l12
[0.043s] [35m[1mConsolidate compiler generated dependencies of target subscriber_node[0m
[0.051s] [ 12%] [32mBuilding CXX object CMakeFiles/opencv_cam_node.dir/src/opencv_cam_node.cpp.o[0m
[0.062s] [ 37%] Built target subscriber_node
[0.302s] In file included from [01m[K/home/ALEX/anytrack/ros/src/opencv_cam/include/opencv_cam/opencv_cam_node.hpp:10[m[K,
[0.302s]                  from [01m[K/home/ALEX/anytrack/ros/src/opencv_cam/src/opencv_cam_node.cpp:1[m[K:
[0.302s] [01m[K/home/ALEX/anytrack/ros/src/opencv_cam/include/opencv_cam/camera_context.hpp:7:10:[m[K [01;31m[Kfatal error: [m[Kros2_shared/context_macros.hpp: No such file or directory
[0.302s]     7 | #include [01;31m[K"ros2_shared/context_macros.hpp"[m[K
[0.302s]       |          [01;31m[K^~~~~~~~~~~~~~~~~~~~~~~~~~~~~~~~[m[K
[0.302s] compilation terminated.
[0.312s] gmake[2]: *** [CMakeFiles/opencv_cam_node.dir/build.make:76: CMakeFiles/opencv_cam_node.dir/src/opencv_cam_node.cpp.o] Error 1
[0.312s] gmake[1]: *** [CMakeFiles/Makefile2:143: CMakeFiles/opencv_cam_node.dir/all] Error 2
[0.312s] gmake: *** [Makefile:146: all] Error 2
[0.314s] Invoked command in '/home/ALEX/anytrack/ros/build/opencv_cam' returned '2': CMAKE_PREFIX_PATH=${CMAKE_PREFIX_PATH}:/home/ALEX/anytrack/ros/install/test_py_pkg:/home/ALEX/anytrack/ros/install/scanner:/opt/ros/humble /usr/bin/cmake --build /home/ALEX/anytrack/ros/build/opencv_cam -- -j12 -l12
