[0.000000] (-) TimerEvent: {}
[0.000372] (-) JobUnselected: {'identifier': 'test_py_pkg'}
[0.000575] (test_cpp_pkg) JobQueued: {'identifier': 'test_cpp_pkg', 'dependencies': OrderedDict()}
[0.000627] (test_cpp_pkg) JobStarted: {'identifier': 'test_cpp_pkg'}
[0.013651] (test_cpp_pkg) JobProgress: {'identifier': 'test_cpp_pkg', 'progress': 'cmake'}
[0.014113] (test_cpp_pkg) JobProgress: {'identifier': 'test_cpp_pkg', 'progress': 'build'}
[0.014718] (test_cpp_pkg) Command: {'cmd': ['/usr/bin/cmake', '--build', '/home/ALEX/anytrack/ros/build/test_cpp_pkg', '--', '-j12', '-l12'], 'cwd': '/home/ALEX/anytrack/ros/build/test_cpp_pkg', 'env': OrderedDict([('HOSTNAME', 'Arch-PC'), ('GIT_ASKPASS', '/root/.vscode-server/bin/6261075646f055b99068d3688932416f2346dd3b/extensions/git/dist/askpass.sh'), ('SHLVL', '2'), ('LD_LIBRARY_PATH', '/opt/ros/humble/opt/rviz_ogre_vendor/lib:/opt/ros/humble/lib/x86_64-linux-gnu:/opt/ros/humble/lib'), ('BROWSER', '/root/.vscode-server/bin/6261075646f055b99068d3688932416f2346dd3b/bin/helpers/browser.sh'), ('HOME', '/root'), ('OLDPWD', '/home/ALEX/anytrack'), ('LESS', '-R'), ('TERM_PROGRAM_VERSION', '1.73.1'), ('VSCODE_IPC_HOOK_CLI', '/tmp/vscode-ipc-a1a67aff-dd03-43d4-87d1-f800d399333d.sock'), ('ZSH', '/usr/local/zsh/oh-my-zsh'), ('LSCOLORS', 'Gxfxcxdxbxegedabagacad'), ('PAGER', 'less'), ('ROS_PYTHON_VERSION', '3'), ('VSCODE_GIT_ASKPASS_MAIN', '/root/.vscode-server/bin/6261075646f055b99068d3688932416f2346dd3b/extensions/git/dist/askpass-main.js'), ('VSCODE_GIT_ASKPASS_NODE', '/root/.vscode-server/bin/6261075646f055b99068d3688932416f2346dd3b/node'), ('VISUAL', 'vim'), ('STM', '/home/ALEX/STM32/etc/gcc-arm-none-eabi/bin'), ('ALEX', '/home/ALEX'), ('REMOTE_CONTAINERS', 'true'), ('COLORTERM', 'truecolor'), ('ROS_DISTRO', 'humble'), ('COLCON_PREFIX_PATH', '/home/ALEX/anytrack/ros/install'), ('REMOTE_CONTAINERS_IPC', '/tmp/vscode-remote-containers-ipc-0b717adedff7b305f9e2d1d091f0493209e68312.sock'), ('LOGNAME', 'root'), ('_', '/usr/bin/colcon'), ('ROS_VERSION', '2'), ('USER_ZDOTDIR', '/root'), ('TERM', 'xterm-256color'), ('ROS_LOCALHOST_ONLY', '0'), ('PATH', '/root/.vscode-server/bin/6261075646f055b99068d3688932416f2346dd3b/bin/remote-cli:/opt/ros/humble/bin:/usr/local/sbin:/usr/local/bin:/usr/sbin:/usr/bin:/sbin:/bin:/home/ALEX/anytrack/docker'), ('DIRHISTORY_SIZE', '30'), ('DISPLAY', ':0'), ('REMOTE_CONTAINERS_SOCKETS', '["/root/.gnupg/S.gpg-agent"]'), ('LANG', 'C.UTF-8'), ('VSCODE_INJECTION', '1'), ('LS_COLORS', 'rs=0:di=01;34:ln=01;36:mh=00:pi=40;33:so=01;35:do=01;35:bd=40;33;01:cd=40;33;01:or=40;31;01:mi=00:su=37;41:sg=30;43:ca=30;41:tw=30;42:ow=34;42:st=37;44:ex=01;32:*.tar=01;31:*.tgz=01;31:*.arc=01;31:*.arj=01;31:*.taz=01;31:*.lha=01;31:*.lz4=01;31:*.lzh=01;31:*.lzma=01;31:*.tlz=01;31:*.txz=01;31:*.tzo=01;31:*.t7z=01;31:*.zip=01;31:*.z=01;31:*.dz=01;31:*.gz=01;31:*.lrz=01;31:*.lz=01;31:*.lzo=01;31:*.xz=01;31:*.zst=01;31:*.tzst=01;31:*.bz2=01;31:*.bz=01;31:*.tbz=01;31:*.tbz2=01;31:*.tz=01;31:*.deb=01;31:*.rpm=01;31:*.jar=01;31:*.war=01;31:*.ear=01;31:*.sar=01;31:*.rar=01;31:*.alz=01;31:*.ace=01;31:*.zoo=01;31:*.cpio=01;31:*.7z=01;31:*.rz=01;31:*.cab=01;31:*.wim=01;31:*.swm=01;31:*.dwm=01;31:*.esd=01;31:*.jpg=01;35:*.jpeg=01;35:*.mjpg=01;35:*.mjpeg=01;35:*.gif=01;35:*.bmp=01;35:*.pbm=01;35:*.pgm=01;35:*.ppm=01;35:*.tga=01;35:*.xbm=01;35:*.xpm=01;35:*.tif=01;35:*.tiff=01;35:*.png=01;35:*.svg=01;35:*.svgz=01;35:*.mng=01;35:*.pcx=01;35:*.mov=01;35:*.mpg=01;35:*.mpeg=01;35:*.m2v=01;35:*.mkv=01;35:*.webm=01;35:*.webp=01;35:*.ogm=01;35:*.mp4=01;35:*.m4v=01;35:*.mp4v=01;35:*.vob=01;35:*.qt=01;35:*.nuv=01;35:*.wmv=01;35:*.asf=01;35:*.rm=01;35:*.rmvb=01;35:*.flc=01;35:*.avi=01;35:*.fli=01;35:*.flv=01;35:*.gl=01;35:*.dl=01;35:*.xcf=01;35:*.xwd=01;35:*.yuv=01;35:*.cgm=01;35:*.emf=01;35:*.ogv=01;35:*.ogx=01;35:*.aac=00;36:*.au=00;36:*.flac=00;36:*.m4a=00;36:*.mid=00;36:*.midi=00;36:*.mka=00;36:*.mp3=00;36:*.mpc=00;36:*.ogg=00;36:*.ra=00;36:*.wav=00;36:*.oga=00;36:*.opus=00;36:*.spx=00;36:*.xspf=00;36:'), ('TERM_PROGRAM', 'vscode'), ('VSCODE_GIT_IPC_HANDLE', '/tmp/vscode-git-24568e9115.sock'), ('AMENT_PREFIX_PATH', '/home/ALEX/anytrack/ros/install/test_py_pkg:/home/ALEX/anytrack/ros/install/test_cpp_pkg:/opt/ros/humble'), ('SHELL', '/bin/zsh'), ('VSCODE_GIT_ASKPASS_EXTRA_ARGS', ''), ('LC_ALL', 'C.UTF-8'), ('PWD', '/home/ALEX/anytrack/ros/build/test_cpp_pkg'), ('ZDOTDIR', '/root'), ('PYTHONPATH', '/home/ALEX/anytrack/ros/build/test_py_pkg:/home/ALEX/anytrack/ros/install/test_py_pkg/lib/python3.10/site-packages:/opt/ros/humble/lib/python3.10/site-packages:/opt/ros/humble/local/lib/python3.10/dist-packages'), ('COLCON', '1'), ('EDITOR', 'vim'), ('CMAKE_PREFIX_PATH', '/home/ALEX/anytrack/ros/install/test_cpp_pkg:/home/ALEX/anytrack/ros/install/test_py_pkg:/opt/ros/humble')]), 'shell': False}
[0.041399] (test_cpp_pkg) StdoutLine: {'line': b'-- Found ament_cmake: 1.3.2 (/opt/ros/humble/share/ament_cmake/cmake)\n'}
[0.099691] (-) TimerEvent: {}
[0.186017] (test_cpp_pkg) StdoutLine: {'line': b'-- Found rclcpp: 16.0.1 (/opt/ros/humble/share/rclcpp/cmake)\n'}
[0.199789] (-) TimerEvent: {}
[0.226393] (test_cpp_pkg) StdoutLine: {'line': b'-- Found rosidl_generator_c: 3.1.3 (/opt/ros/humble/share/rosidl_generator_c/cmake)\n'}
[0.230191] (test_cpp_pkg) StdoutLine: {'line': b'-- Found rosidl_adapter: 3.1.3 (/opt/ros/humble/share/rosidl_adapter/cmake)\n'}
[0.238774] (test_cpp_pkg) StdoutLine: {'line': b'-- Found rosidl_generator_cpp: 3.1.3 (/opt/ros/humble/share/rosidl_generator_cpp/cmake)\n'}
[0.252618] (test_cpp_pkg) StdoutLine: {'line': b'-- Using all available rosidl_typesupport_c: rosidl_typesupport_fastrtps_c;rosidl_typesupport_introspection_c\n'}
[0.271616] (test_cpp_pkg) StdoutLine: {'line': b'-- Using all available rosidl_typesupport_cpp: rosidl_typesupport_fastrtps_cpp;rosidl_typesupport_introspection_cpp\n'}
[0.299892] (-) TimerEvent: {}
[0.341286] (test_cpp_pkg) StdoutLine: {'line': b'-- Found rmw_implementation_cmake: 6.1.0 (/opt/ros/humble/share/rmw_implementation_cmake/cmake)\n'}
[0.343344] (test_cpp_pkg) StdoutLine: {'line': b'-- Found rmw_fastrtps_cpp: 6.2.1 (/opt/ros/humble/share/rmw_fastrtps_cpp/cmake)\n'}
[0.400006] (-) TimerEvent: {}
[0.500327] (-) TimerEvent: {}
[0.525093] (test_cpp_pkg) StdoutLine: {'line': b"-- Using RMW implementation 'rmw_fastrtps_cpp' as default\n"}
[0.600428] (-) TimerEvent: {}
[0.700724] (-) TimerEvent: {}
[0.705755] (test_cpp_pkg) StdoutLine: {'line': b'-- Found example_interfaces: 0.9.3 (/opt/ros/humble/share/example_interfaces/cmake)\n'}
[0.800829] (-) TimerEvent: {}
[0.901087] (-) TimerEvent: {}
[0.931263] (test_cpp_pkg) StdoutLine: {'line': b'-- Configuring done\n'}
[0.960741] (test_cpp_pkg) StdoutLine: {'line': b'-- Generating done\n'}
[0.962780] (test_cpp_pkg) StdoutLine: {'line': b'-- Build files have been written to: /home/ALEX/anytrack/ros/build/test_cpp_pkg\n'}
[0.981937] (test_cpp_pkg) StdoutLine: {'line': b'\x1b[35m\x1b[1mConsolidate compiler generated dependencies of target test_server\x1b[0m\n'}
[0.982183] (test_cpp_pkg) StdoutLine: {'line': b'\x1b[35m\x1b[1mConsolidate compiler generated dependencies of target number_publisher\x1b[0m\n'}
[0.982394] (test_cpp_pkg) StdoutLine: {'line': b'\x1b[35m\x1b[1mConsolidate compiler generated dependencies of target test_listener\x1b[0m\n'}
[0.982607] (test_cpp_pkg) StdoutLine: {'line': b'\x1b[35m\x1b[1mConsolidate compiler generated dependencies of target test_node\x1b[0m\n'}
[0.982790] (test_cpp_pkg) StdoutLine: {'line': b'\x1b[35m\x1b[1mConsolidate compiler generated dependencies of target test_publisher\x1b[0m\n'}
[0.991720] (test_cpp_pkg) StdoutLine: {'line': b'[ 14%] \x1b[32mBuilding CXX object CMakeFiles/test_client_op.dir/src/test_client_op.cpp.o\x1b[0m\n'}
[0.992098] (test_cpp_pkg) StdoutLine: {'line': b'[ 14%] \x1b[32mBuilding CXX object CMakeFiles/test_client_nop.dir/src/test_client_nop.cpp.o\x1b[0m\n'}
[0.998831] (test_cpp_pkg) StdoutLine: {'line': b'[ 42%] Built target number_publisher\n'}
[0.999058] (test_cpp_pkg) StdoutLine: {'line': b'[ 42%] Built target test_server\n'}
[1.000448] (test_cpp_pkg) StdoutLine: {'line': b'[ 57%] Built target test_node\n'}
[1.001147] (-) TimerEvent: {}
[1.002365] (test_cpp_pkg) StdoutLine: {'line': b'[ 71%] Built target test_listener\n'}
[1.003345] (test_cpp_pkg) StdoutLine: {'line': b'[ 85%] Built target test_publisher\n'}
[1.016096] (test_cpp_pkg) StdoutLine: {'line': b'[ 92%] \x1b[32m\x1b[1mLinking CXX executable test_client_op\x1b[0m\n'}
[1.096836] (test_cpp_pkg) StderrLine: {'line': b"/usr/bin/ld: /usr/lib/gcc/x86_64-linux-gnu/11/../../../x86_64-linux-gnu/Scrt1.o: in function `_start':\n"}
[1.097064] (test_cpp_pkg) StderrLine: {'line': b"(.text+0x1b): undefined reference to `main'\n"}
[1.098611] (test_cpp_pkg) StderrLine: {'line': b'collect2: error: ld returned 1 exit status\n'}
[1.099810] (test_cpp_pkg) StderrLine: {'line': b'gmake[2]: *** [CMakeFiles/test_client_op.dir/build.make:175: test_client_op] Error 1\n'}
[1.100035] (test_cpp_pkg) StderrLine: {'line': b'gmake[1]: *** [CMakeFiles/Makefile2:279: CMakeFiles/test_client_op.dir/all] Error 2\n'}
[1.100149] (test_cpp_pkg) StderrLine: {'line': b'gmake[1]: *** Waiting for unfinished jobs....\n'}
[1.101217] (-) TimerEvent: {}
[1.201431] (-) TimerEvent: {}
[1.301674] (-) TimerEvent: {}
[1.401943] (-) TimerEvent: {}
[1.502204] (-) TimerEvent: {}
[1.602482] (-) TimerEvent: {}
[1.702754] (-) TimerEvent: {}
[1.803066] (-) TimerEvent: {}
[1.903401] (-) TimerEvent: {}
[2.003738] (-) TimerEvent: {}
[2.104023] (-) TimerEvent: {}
[2.204367] (-) TimerEvent: {}
[2.304635] (-) TimerEvent: {}
[2.404904] (-) TimerEvent: {}
[2.505172] (-) TimerEvent: {}
[2.605444] (-) TimerEvent: {}
[2.705901] (-) TimerEvent: {}
[2.806171] (-) TimerEvent: {}
[2.906438] (-) TimerEvent: {}
[3.006701] (-) TimerEvent: {}
[3.106971] (-) TimerEvent: {}
[3.145030] (test_cpp_pkg) StderrLine: {'line': b'\x1b[01m\x1b[K/home/ALEX/anytrack/ros/src/test_cpp_pkg/src/test_client_nop.cpp:\x1b[m\x1b[K In function \xe2\x80\x98\x1b[01m\x1b[Kint main(int, char**)\x1b[m\x1b[K\xe2\x80\x99:\n'}
[3.145677] (test_cpp_pkg) StderrLine: {'line': b'\x1b[01m\x1b[K/home/ALEX/anytrack/ros/src/test_cpp_pkg/src/test_client_nop.cpp:20:69:\x1b[m\x1b[K \x1b[01;31m\x1b[Kerror: \x1b[m\x1b[K\xe2\x80\x98\x1b[01m\x1b[Krclcpp::executor\x1b[m\x1b[K\xe2\x80\x99 has not been declared\n'}
[3.145868] (test_cpp_pkg) StderrLine: {'line': b'   20 |     if (rclcpp::spin_until_future_complete(node, future) == rclcpp::\x1b[01;31m\x1b[Kexecutor\x1b[m\x1b[K::FutureReturnCode::SUCCESS){\n'}
[3.145938] (test_cpp_pkg) StderrLine: {'line': b'      |                                                                     \x1b[01;31m\x1b[K^~~~~~~~\x1b[m\x1b[K\n'}
[3.146004] (test_cpp_pkg) StderrLine: {'line': b'In file included from \x1b[01m\x1b[K/opt/ros/humble/include/rclcpp/rclcpp/client.hpp:40\x1b[m\x1b[K,\n'}
[3.146069] (test_cpp_pkg) StderrLine: {'line': b'                 from \x1b[01m\x1b[K/opt/ros/humble/include/rclcpp/rclcpp/callback_group.hpp:23\x1b[m\x1b[K,\n'}
[3.146132] (test_cpp_pkg) StderrLine: {'line': b'                 from \x1b[01m\x1b[K/opt/ros/humble/include/rclcpp/rclcpp/any_executable.hpp:20\x1b[m\x1b[K,\n'}
[3.146196] (test_cpp_pkg) StderrLine: {'line': b'                 from \x1b[01m\x1b[K/opt/ros/humble/include/rclcpp/rclcpp/memory_strategy.hpp:25\x1b[m\x1b[K,\n'}
[3.146259] (test_cpp_pkg) StderrLine: {'line': b'                 from \x1b[01m\x1b[K/opt/ros/humble/include/rclcpp/rclcpp/memory_strategies.hpp:18\x1b[m\x1b[K,\n'}
[3.146322] (test_cpp_pkg) StderrLine: {'line': b'                 from \x1b[01m\x1b[K/opt/ros/humble/include/rclcpp/rclcpp/executor_options.hpp:20\x1b[m\x1b[K,\n'}
[3.146385] (test_cpp_pkg) StderrLine: {'line': b'                 from \x1b[01m\x1b[K/opt/ros/humble/include/rclcpp/rclcpp/executor.hpp:37\x1b[m\x1b[K,\n'}
[3.146448] (test_cpp_pkg) StderrLine: {'line': b'                 from \x1b[01m\x1b[K/opt/ros/humble/include/rclcpp/rclcpp/executors/multi_threaded_executor.hpp:25\x1b[m\x1b[K,\n'}
[3.146520] (test_cpp_pkg) StderrLine: {'line': b'                 from \x1b[01m\x1b[K/opt/ros/humble/include/rclcpp/rclcpp/executors.hpp:21\x1b[m\x1b[K,\n'}
[3.146584] (test_cpp_pkg) StderrLine: {'line': b'                 from \x1b[01m\x1b[K/opt/ros/humble/include/rclcpp/rclcpp/rclcpp.hpp:155\x1b[m\x1b[K,\n'}
[3.146647] (test_cpp_pkg) StderrLine: {'line': b'                 from \x1b[01m\x1b[K/home/ALEX/anytrack/ros/src/test_cpp_pkg/src/test_client_nop.cpp:2\x1b[m\x1b[K:\n'}
[3.146714] (test_cpp_pkg) StderrLine: {'line': b'\x1b[01m\x1b[K/home/ALEX/anytrack/ros/src/test_cpp_pkg/src/test_client_nop.cpp:21:21:\x1b[m\x1b[K \x1b[01;31m\x1b[Kerror: \x1b[m\x1b[Kinvalid use of \xe2\x80\x98\x1b[01m\x1b[Kthis\x1b[m\x1b[K\xe2\x80\x99 in non-member function\n'}
[3.146778] (test_cpp_pkg) StderrLine: {'line': b'   21 |         RCLCPP_INFO(\x1b[01;31m\x1b[Kthis\x1b[m\x1b[K->get_logger(), "%ld + %ld = %ld", request->a, request->b, response->sum);\n'}
[3.146847] (test_cpp_pkg) StderrLine: {'line': b'      |                     \x1b[01;31m\x1b[K^~~~\x1b[m\x1b[K\n'}
[3.146909] (test_cpp_pkg) StderrLine: {'line': b'\x1b[01m\x1b[K/home/ALEX/anytrack/ros/src/test_cpp_pkg/src/test_client_nop.cpp:21:21:\x1b[m\x1b[K \x1b[01;31m\x1b[Kerror: \x1b[m\x1b[Kinvalid use of \xe2\x80\x98\x1b[01m\x1b[Kthis\x1b[m\x1b[K\xe2\x80\x99 in non-member function\n'}
[3.146972] (test_cpp_pkg) StderrLine: {'line': b'\x1b[01m\x1b[K/home/ALEX/anytrack/ros/src/test_cpp_pkg/src/test_client_nop.cpp:21:9:\x1b[m\x1b[K \x1b[01;31m\x1b[Kerror: \x1b[m\x1b[Ktemplate argument 1 is invalid\n'}
[3.147035] (test_cpp_pkg) StderrLine: {'line': b'   21 |         \x1b[01;31m\x1b[KRCLCPP_INFO\x1b[m\x1b[K(this->get_logger(), "%ld + %ld = %ld", request->a, request->b, response->sum);\n'}
[3.147098] (test_cpp_pkg) StderrLine: {'line': b'      |         \x1b[01;31m\x1b[K^~~~~~~~~~~\x1b[m\x1b[K\n'}
[3.147160] (test_cpp_pkg) StderrLine: {'line': b'\x1b[01m\x1b[K/home/ALEX/anytrack/ros/src/test_cpp_pkg/src/test_client_nop.cpp:21:9:\x1b[m\x1b[K \x1b[01;31m\x1b[Kerror: \x1b[m\x1b[K\xe2\x80\x98\x1b[01m\x1b[K<declaration error>\x1b[m\x1b[K\xe2\x80\x99 is not a template [\x1b[01;31m\x1b[K\x1b]8;;https://gcc.gnu.org/onlinedocs/gcc/Warning-Options.html#index-fpermissive\x07-fpermissive\x1b]8;;\x07\x1b[m\x1b[K]\n'}
[3.147225] (test_cpp_pkg) StderrLine: {'line': b'   21 |         \x1b[01;31m\x1b[KRCLCPP_INFO\x1b[m\x1b[K(this->get_logger(), "%ld + %ld = %ld", request->a, request->b, response->sum);\n'}
[3.147289] (test_cpp_pkg) StderrLine: {'line': b'      |         \x1b[01;31m\x1b[K^~~~~~~~~~~\x1b[m\x1b[K\n'}
[3.147351] (test_cpp_pkg) StderrLine: {'line': b'\x1b[01m\x1b[K/home/ALEX/anytrack/ros/src/test_cpp_pkg/src/test_client_nop.cpp:21:9:\x1b[m\x1b[K \x1b[01;31m\x1b[Kerror: \x1b[m\x1b[Ktemplate argument 1 is invalid\n'}
[3.147413] (test_cpp_pkg) StderrLine: {'line': b'   21 |         \x1b[01;31m\x1b[KRCLCPP_INFO\x1b[m\x1b[K(this->get_logger(), "%ld + %ld = %ld", request->a, request->b, response->sum);\n'}
[3.147476] (test_cpp_pkg) StderrLine: {'line': b'      |         \x1b[01;31m\x1b[K^~~~~~~~~~~\x1b[m\x1b[K\n'}
[3.147538] (test_cpp_pkg) StderrLine: {'line': b'\x1b[01m\x1b[K/home/ALEX/anytrack/ros/src/test_cpp_pkg/src/test_client_nop.cpp:21:9:\x1b[m\x1b[K \x1b[01;31m\x1b[Kerror: \x1b[m\x1b[K\xe2\x80\x98\x1b[01m\x1b[K<declaration error>\x1b[m\x1b[K\xe2\x80\x99 is not a template [\x1b[01;31m\x1b[K\x1b]8;;https://gcc.gnu.org/onlinedocs/gcc/Warning-Options.html#index-fpermissive\x07-fpermissive\x1b]8;;\x07\x1b[m\x1b[K]\n'}
[3.147601] (test_cpp_pkg) StderrLine: {'line': b'   21 |         \x1b[01;31m\x1b[KRCLCPP_INFO\x1b[m\x1b[K(this->get_logger(), "%ld + %ld = %ld", request->a, request->b, response->sum);\n'}
[3.147664] (test_cpp_pkg) StderrLine: {'line': b'      |         \x1b[01;31m\x1b[K^~~~~~~~~~~\x1b[m\x1b[K\n'}
[3.147726] (test_cpp_pkg) StderrLine: {'line': b'\x1b[01m\x1b[K/home/ALEX/anytrack/ros/src/test_cpp_pkg/src/test_client_nop.cpp:21:9:\x1b[m\x1b[K \x1b[01;31m\x1b[Kerror: \x1b[m\x1b[Ktemplate argument 1 is invalid\n'}
[3.147804] (test_cpp_pkg) StderrLine: {'line': b'   21 |         \x1b[01;31m\x1b[KRCLCPP_INFO\x1b[m\x1b[K(this->get_logger(), "%ld + %ld = %ld", request->a, request->b, response->sum);\n'}
[3.147872] (test_cpp_pkg) StderrLine: {'line': b'      |         \x1b[01;31m\x1b[K^~~~~~~~~~~\x1b[m\x1b[K\n'}
[3.147934] (test_cpp_pkg) StderrLine: {'line': b'In file included from \x1b[01m\x1b[K/opt/ros/humble/include/rclcpp/rclcpp/logging.hpp:24\x1b[m\x1b[K,\n'}
[3.147997] (test_cpp_pkg) StderrLine: {'line': b'                 from \x1b[01m\x1b[K/opt/ros/humble/include/rclcpp/rclcpp/client.hpp:40\x1b[m\x1b[K,\n'}
[3.148065] (test_cpp_pkg) StderrLine: {'line': b'                 from \x1b[01m\x1b[K/opt/ros/humble/include/rclcpp/rclcpp/callback_group.hpp:23\x1b[m\x1b[K,\n'}
[3.148127] (test_cpp_pkg) StderrLine: {'line': b'                 from \x1b[01m\x1b[K/opt/ros/humble/include/rclcpp/rclcpp/any_executable.hpp:20\x1b[m\x1b[K,\n'}
[3.148189] (test_cpp_pkg) StderrLine: {'line': b'                 from \x1b[01m\x1b[K/opt/ros/humble/include/rclcpp/rclcpp/memory_strategy.hpp:25\x1b[m\x1b[K,\n'}
[3.148252] (test_cpp_pkg) StderrLine: {'line': b'                 from \x1b[01m\x1b[K/opt/ros/humble/include/rclcpp/rclcpp/memory_strategies.hpp:18\x1b[m\x1b[K,\n'}
[3.148314] (test_cpp_pkg) StderrLine: {'line': b'                 from \x1b[01m\x1b[K/opt/ros/humble/include/rclcpp/rclcpp/executor_options.hpp:20\x1b[m\x1b[K,\n'}
[3.148377] (test_cpp_pkg) StderrLine: {'line': b'                 from \x1b[01m\x1b[K/opt/ros/humble/include/rclcpp/rclcpp/executor.hpp:37\x1b[m\x1b[K,\n'}
[3.148439] (test_cpp_pkg) StderrLine: {'line': b'                 from \x1b[01m\x1b[K/opt/ros/humble/include/rclcpp/rclcpp/executors/multi_threaded_executor.hpp:25\x1b[m\x1b[K,\n'}
[3.148502] (test_cpp_pkg) StderrLine: {'line': b'                 from \x1b[01m\x1b[K/opt/ros/humble/include/rclcpp/rclcpp/executors.hpp:21\x1b[m\x1b[K,\n'}
[3.148573] (test_cpp_pkg) StderrLine: {'line': b'                 from \x1b[01m\x1b[K/opt/ros/humble/include/rclcpp/rclcpp/rclcpp.hpp:155\x1b[m\x1b[K,\n'}
[3.148777] (test_cpp_pkg) StderrLine: {'line': b'                 from \x1b[01m\x1b[K/home/ALEX/anytrack/ros/src/test_cpp_pkg/src/test_client_nop.cpp:2\x1b[m\x1b[K:\n'}
[3.148848] (test_cpp_pkg) StderrLine: {'line': b'\x1b[01m\x1b[K/home/ALEX/anytrack/ros/src/test_cpp_pkg/src/test_client_nop.cpp:21:21:\x1b[m\x1b[K \x1b[01;31m\x1b[Kerror: \x1b[m\x1b[Kinvalid use of \xe2\x80\x98\x1b[01m\x1b[Kthis\x1b[m\x1b[K\xe2\x80\x99 in non-member function\n'}
[3.148986] (test_cpp_pkg) StderrLine: {'line': b'   21 |         RCLCPP_INFO(\x1b[01;31m\x1b[Kthis\x1b[m\x1b[K->get_logger(), "%ld + %ld = %ld", request->a, request->b, response->sum);\n'}
[3.149057] (test_cpp_pkg) StderrLine: {'line': b'      |                     \x1b[01;31m\x1b[K^~~~\x1b[m\x1b[K\n'}
[3.149120] (test_cpp_pkg) StderrLine: {'line': b'\x1b[01m\x1b[K/home/ALEX/anytrack/ros/src/test_cpp_pkg/src/test_client_nop.cpp:21:21:\x1b[m\x1b[K \x1b[01;31m\x1b[Kerror: \x1b[m\x1b[Kinvalid use of \xe2\x80\x98\x1b[01m\x1b[Kthis\x1b[m\x1b[K\xe2\x80\x99 in non-member function\n'}
[3.149183] (test_cpp_pkg) StderrLine: {'line': b'   21 |         RCLCPP_INFO(\x1b[01;31m\x1b[Kthis\x1b[m\x1b[K->get_logger(), "%ld + %ld = %ld", request->a, request->b, response->sum);\n'}
[3.149245] (test_cpp_pkg) StderrLine: {'line': b'      |                     \x1b[01;31m\x1b[K^~~~\x1b[m\x1b[K\n'}
[3.149307] (test_cpp_pkg) StderrLine: {'line': b'\x1b[01m\x1b[K/home/ALEX/anytrack/ros/src/test_cpp_pkg/src/test_client_nop.cpp:21:84:\x1b[m\x1b[K \x1b[01;31m\x1b[Kerror: \x1b[m\x1b[K\xe2\x80\x98\x1b[01m\x1b[Kresponse\x1b[m\x1b[K\xe2\x80\x99 was not declared in this scope\n'}
[3.149369] (test_cpp_pkg) StderrLine: {'line': b'   21 |         RCLCPP_INFO(this->get_logger(), "%ld + %ld = %ld", request->a, request->b, \x1b[01;31m\x1b[Kresponse\x1b[m\x1b[K->sum);\n'}
[3.149437] (test_cpp_pkg) StderrLine: {'line': b'      |                                                                                    \x1b[01;31m\x1b[K^~~~~~~~\x1b[m\x1b[K\n'}
[3.149499] (test_cpp_pkg) StderrLine: {'line': b'In file included from \x1b[01m\x1b[K/opt/ros/humble/include/rclcpp/rclcpp/client.hpp:40\x1b[m\x1b[K,\n'}
[3.149560] (test_cpp_pkg) StderrLine: {'line': b'                 from \x1b[01m\x1b[K/opt/ros/humble/include/rclcpp/rclcpp/callback_group.hpp:23\x1b[m\x1b[K,\n'}
[3.149622] (test_cpp_pkg) StderrLine: {'line': b'                 from \x1b[01m\x1b[K/opt/ros/humble/include/rclcpp/rclcpp/any_executable.hpp:20\x1b[m\x1b[K,\n'}
[3.149704] (test_cpp_pkg) StderrLine: {'line': b'                 from \x1b[01m\x1b[K/opt/ros/humble/include/rclcpp/rclcpp/memory_strategy.hpp:25\x1b[m\x1b[K,\n'}
[3.149792] (test_cpp_pkg) StderrLine: {'line': b'                 from \x1b[01m\x1b[K/opt/ros/humble/include/rclcpp/rclcpp/memory_strategies.hpp:18\x1b[m\x1b[K,\n'}
[3.149867] (test_cpp_pkg) StderrLine: {'line': b'                 from \x1b[01m\x1b[K/opt/ros/humble/include/rclcpp/rclcpp/executor_options.hpp:20\x1b[m\x1b[K,\n'}
[3.149940] (test_cpp_pkg) StderrLine: {'line': b'                 from \x1b[01m\x1b[K/opt/ros/humble/include/rclcpp/rclcpp/executor.hpp:37\x1b[m\x1b[K,\n'}
[3.150224] (test_cpp_pkg) StderrLine: {'line': b'                 from \x1b[01m\x1b[K/opt/ros/humble/include/rclcpp/rclcpp/executors/multi_threaded_executor.hpp:25\x1b[m\x1b[K,\n'}
[3.150363] (test_cpp_pkg) StderrLine: {'line': b'                 from \x1b[01m\x1b[K/opt/ros/humble/include/rclcpp/rclcpp/executors.hpp:21\x1b[m\x1b[K,\n'}
[3.150437] (test_cpp_pkg) StderrLine: {'line': b'                 from \x1b[01m\x1b[K/opt/ros/humble/include/rclcpp/rclcpp/rclcpp.hpp:155\x1b[m\x1b[K,\n'}
[3.150516] (test_cpp_pkg) StderrLine: {'line': b'                 from \x1b[01m\x1b[K/home/ALEX/anytrack/ros/src/test_cpp_pkg/src/test_client_nop.cpp:2\x1b[m\x1b[K:\n'}
[3.150598] (test_cpp_pkg) StderrLine: {'line': b'\x1b[01m\x1b[K/home/ALEX/anytrack/ros/src/test_cpp_pkg/src/test_client_nop.cpp:24:22:\x1b[m\x1b[K \x1b[01;31m\x1b[Kerror: \x1b[m\x1b[Kinvalid use of \xe2\x80\x98\x1b[01m\x1b[Kthis\x1b[m\x1b[K\xe2\x80\x99 in non-member function\n'}
[3.150678] (test_cpp_pkg) StderrLine: {'line': b'   24 |         RCLCPP_ERROR(\x1b[01;31m\x1b[Kthis\x1b[m\x1b[K->get_logger(), "Error while calling service");\n'}
[3.150750] (test_cpp_pkg) StderrLine: {'line': b'      |                      \x1b[01;31m\x1b[K^~~~\x1b[m\x1b[K\n'}
[3.150813] (test_cpp_pkg) StderrLine: {'line': b'\x1b[01m\x1b[K/home/ALEX/anytrack/ros/src/test_cpp_pkg/src/test_client_nop.cpp:24:22:\x1b[m\x1b[K \x1b[01;31m\x1b[Kerror: \x1b[m\x1b[Kinvalid use of \xe2\x80\x98\x1b[01m\x1b[Kthis\x1b[m\x1b[K\xe2\x80\x99 in non-member function\n'}
[3.150875] (test_cpp_pkg) StderrLine: {'line': b'\x1b[01m\x1b[K/home/ALEX/anytrack/ros/src/test_cpp_pkg/src/test_client_nop.cpp:24:9:\x1b[m\x1b[K \x1b[01;31m\x1b[Kerror: \x1b[m\x1b[Ktemplate argument 1 is invalid\n'}
[3.150945] (test_cpp_pkg) StderrLine: {'line': b'   24 |         \x1b[01;31m\x1b[KRCLCPP_ERROR\x1b[m\x1b[K(this->get_logger(), "Error while calling service");\n'}
[3.151009] (test_cpp_pkg) StderrLine: {'line': b'      |         \x1b[01;31m\x1b[K^~~~~~~~~~~~\x1b[m\x1b[K\n'}
[3.151072] (test_cpp_pkg) StderrLine: {'line': b'\x1b[01m\x1b[K/home/ALEX/anytrack/ros/src/test_cpp_pkg/src/test_client_nop.cpp:24:9:\x1b[m\x1b[K \x1b[01;31m\x1b[Kerror: \x1b[m\x1b[K\xe2\x80\x98\x1b[01m\x1b[K<declaration error>\x1b[m\x1b[K\xe2\x80\x99 is not a template [\x1b[01;31m\x1b[K\x1b]8;;https://gcc.gnu.org/onlinedocs/gcc/Warning-Options.html#index-fpermissive\x07-fpermissive\x1b]8;;\x07\x1b[m\x1b[K]\n'}
[3.151147] (test_cpp_pkg) StderrLine: {'line': b'   24 |         \x1b[01;31m\x1b[KRCLCPP_ERROR\x1b[m\x1b[K(this->get_logger(), "Error while calling service");\n'}
[3.151214] (test_cpp_pkg) StderrLine: {'line': b'      |         \x1b[01;31m\x1b[K^~~~~~~~~~~~\x1b[m\x1b[K\n'}
[3.151277] (test_cpp_pkg) StderrLine: {'line': b'\x1b[01m\x1b[K/home/ALEX/anytrack/ros/src/test_cpp_pkg/src/test_client_nop.cpp:24:9:\x1b[m\x1b[K \x1b[01;31m\x1b[Kerror: \x1b[m\x1b[Ktemplate argument 1 is invalid\n'}
[3.151339] (test_cpp_pkg) StderrLine: {'line': b'   24 |         \x1b[01;31m\x1b[KRCLCPP_ERROR\x1b[m\x1b[K(this->get_logger(), "Error while calling service");\n'}
[3.151401] (test_cpp_pkg) StderrLine: {'line': b'      |         \x1b[01;31m\x1b[K^~~~~~~~~~~~\x1b[m\x1b[K\n'}
[3.151462] (test_cpp_pkg) StderrLine: {'line': b'\x1b[01m\x1b[K/home/ALEX/anytrack/ros/src/test_cpp_pkg/src/test_client_nop.cpp:24:9:\x1b[m\x1b[K \x1b[01;31m\x1b[Kerror: \x1b[m\x1b[K\xe2\x80\x98\x1b[01m\x1b[K<declaration error>\x1b[m\x1b[K\xe2\x80\x99 is not a template [\x1b[01;31m\x1b[K\x1b]8;;https://gcc.gnu.org/onlinedocs/gcc/Warning-Options.html#index-fpermissive\x07-fpermissive\x1b]8;;\x07\x1b[m\x1b[K]\n'}
[3.151538] (test_cpp_pkg) StderrLine: {'line': b'   24 |         \x1b[01;31m\x1b[KRCLCPP_ERROR\x1b[m\x1b[K(this->get_logger(), "Error while calling service");\n'}
[3.151602] (test_cpp_pkg) StderrLine: {'line': b'      |         \x1b[01;31m\x1b[K^~~~~~~~~~~~\x1b[m\x1b[K\n'}
[3.151664] (test_cpp_pkg) StderrLine: {'line': b'\x1b[01m\x1b[K/home/ALEX/anytrack/ros/src/test_cpp_pkg/src/test_client_nop.cpp:24:9:\x1b[m\x1b[K \x1b[01;31m\x1b[Kerror: \x1b[m\x1b[Ktemplate argument 1 is invalid\n'}
[3.151727] (test_cpp_pkg) StderrLine: {'line': b'   24 |         \x1b[01;31m\x1b[KRCLCPP_ERROR\x1b[m\x1b[K(this->get_logger(), "Error while calling service");\n'}
[3.151789] (test_cpp_pkg) StderrLine: {'line': b'      |         \x1b[01;31m\x1b[K^~~~~~~~~~~~\x1b[m\x1b[K\n'}
[3.151851] (test_cpp_pkg) StderrLine: {'line': b'In file included from \x1b[01m\x1b[K/opt/ros/humble/include/rclcpp/rclcpp/logging.hpp:24\x1b[m\x1b[K,\n'}
[3.151913] (test_cpp_pkg) StderrLine: {'line': b'                 from \x1b[01m\x1b[K/opt/ros/humble/include/rclcpp/rclcpp/client.hpp:40\x1b[m\x1b[K,\n'}
[3.151976] (test_cpp_pkg) StderrLine: {'line': b'                 from \x1b[01m\x1b[K/opt/ros/humble/include/rclcpp/rclcpp/callback_group.hpp:23\x1b[m\x1b[K,\n'}
[3.152038] (test_cpp_pkg) StderrLine: {'line': b'                 from \x1b[01m\x1b[K/opt/ros/humble/include/rclcpp/rclcpp/any_executable.hpp:20\x1b[m\x1b[K,\n'}
[3.152100] (test_cpp_pkg) StderrLine: {'line': b'                 from \x1b[01m\x1b[K/opt/ros/humble/include/rclcpp/rclcpp/memory_strategy.hpp:25\x1b[m\x1b[K,\n'}
[3.152162] (test_cpp_pkg) StderrLine: {'line': b'                 from \x1b[01m\x1b[K/opt/ros/humble/include/rclcpp/rclcpp/memory_strategies.hpp:18\x1b[m\x1b[K,\n'}
[3.152227] (test_cpp_pkg) StderrLine: {'line': b'                 from \x1b[01m\x1b[K/opt/ros/humble/include/rclcpp/rclcpp/executor_options.hpp:20\x1b[m\x1b[K,\n'}
[3.152295] (test_cpp_pkg) StderrLine: {'line': b'                 from \x1b[01m\x1b[K/opt/ros/humble/include/rclcpp/rclcpp/executor.hpp:37\x1b[m\x1b[K,\n'}
[3.152358] (test_cpp_pkg) StderrLine: {'line': b'                 from \x1b[01m\x1b[K/opt/ros/humble/include/rclcpp/rclcpp/executors/multi_threaded_executor.hpp:25\x1b[m\x1b[K,\n'}
[3.152420] (test_cpp_pkg) StderrLine: {'line': b'                 from \x1b[01m\x1b[K/opt/ros/humble/include/rclcpp/rclcpp/executors.hpp:21\x1b[m\x1b[K,\n'}
[3.152483] (test_cpp_pkg) StderrLine: {'line': b'                 from \x1b[01m\x1b[K/opt/ros/humble/include/rclcpp/rclcpp/rclcpp.hpp:155\x1b[m\x1b[K,\n'}
[3.152546] (test_cpp_pkg) StderrLine: {'line': b'                 from \x1b[01m\x1b[K/home/ALEX/anytrack/ros/src/test_cpp_pkg/src/test_client_nop.cpp:2\x1b[m\x1b[K:\n'}
[3.152609] (test_cpp_pkg) StderrLine: {'line': b'\x1b[01m\x1b[K/home/ALEX/anytrack/ros/src/test_cpp_pkg/src/test_client_nop.cpp:24:22:\x1b[m\x1b[K \x1b[01;31m\x1b[Kerror: \x1b[m\x1b[Kinvalid use of \xe2\x80\x98\x1b[01m\x1b[Kthis\x1b[m\x1b[K\xe2\x80\x99 in non-member function\n'}
[3.152678] (test_cpp_pkg) StderrLine: {'line': b'   24 |         RCLCPP_ERROR(\x1b[01;31m\x1b[Kthis\x1b[m\x1b[K->get_logger(), "Error while calling service");\n'}
[3.152741] (test_cpp_pkg) StderrLine: {'line': b'      |                      \x1b[01;31m\x1b[K^~~~\x1b[m\x1b[K\n'}
[3.152803] (test_cpp_pkg) StderrLine: {'line': b'\x1b[01m\x1b[K/home/ALEX/anytrack/ros/src/test_cpp_pkg/src/test_client_nop.cpp:24:22:\x1b[m\x1b[K \x1b[01;31m\x1b[Kerror: \x1b[m\x1b[Kinvalid use of \xe2\x80\x98\x1b[01m\x1b[Kthis\x1b[m\x1b[K\xe2\x80\x99 in non-member function\n'}
[3.152868] (test_cpp_pkg) StderrLine: {'line': b'   24 |         RCLCPP_ERROR(\x1b[01;31m\x1b[Kthis\x1b[m\x1b[K->get_logger(), "Error while calling service");\n'}
[3.152932] (test_cpp_pkg) StderrLine: {'line': b'      |                      \x1b[01;31m\x1b[K^~~~\x1b[m\x1b[K\n'}
[3.207082] (-) TimerEvent: {}
[3.307401] (-) TimerEvent: {}
[3.407666] (-) TimerEvent: {}
[3.507926] (-) TimerEvent: {}
[3.608185] (-) TimerEvent: {}
[3.691089] (test_cpp_pkg) StderrLine: {'line': b'gmake[2]: *** [CMakeFiles/test_client_nop.dir/build.make:76: CMakeFiles/test_client_nop.dir/src/test_client_nop.cpp.o] Error 1\n'}
[3.691300] (test_cpp_pkg) StderrLine: {'line': b'gmake[1]: *** [CMakeFiles/Makefile2:253: CMakeFiles/test_client_nop.dir/all] Error 2\n'}
[3.691390] (test_cpp_pkg) StderrLine: {'line': b'gmake: *** [Makefile:146: all] Error 2\n'}
[3.692891] (test_cpp_pkg) CommandEnded: {'returncode': 2}
[3.708279] (-) TimerEvent: {}
[3.734688] (test_cpp_pkg) JobEnded: {'identifier': 'test_cpp_pkg', 'rc': 2}
[3.745272] (-) EventReactorShutdown: {}
