[0.008s] Invoking command in '/home/ALEX/anytrack/ros/build/opencv_cam': AMENT_PREFIX_PATH=/home/ALEX/anytrack/ros/install/ros2_shared:${AMENT_PREFIX_PATH} CMAKE_PREFIX_PATH=/home/ALEX/anytrack/ros/install/ros2_shared:/home/ALEX/anytrack/ros/install/test_cpp_pkg:/home/ALEX/anytrack/ros/install/scanner_interfaces:/home/ALEX/anytrack/ros/install/test_py_pkg:/home/ALEX/anytrack/ros/install/scanner:/opt/ros/humble /usr/bin/cmake /home/ALEX/anytrack/ros/src/opencv_cam -DCMAKE_INSTALL_PREFIX=/home/ALEX/anytrack/ros/install/opencv_cam
[0.029s] -- Found OpenCV version 4.5.4
[0.029s] -- Found ament_cmake: 1.3.2 (/opt/ros/humble/share/ament_cmake/cmake)
[0.161s] -- Found camera_calibration_parsers: 3.1.5 (/opt/ros/humble/share/camera_calibration_parsers/cmake)
[0.197s] -- Found rosidl_generator_c: 3.1.3 (/opt/ros/humble/share/rosidl_generator_c/cmake)
[0.200s] -- Found rosidl_adapter: 3.1.3 (/opt/ros/humble/share/rosidl_adapter/cmake)
[0.207s] -- Found rosidl_generator_cpp: 3.1.3 (/opt/ros/humble/share/rosidl_generator_cpp/cmake)
[0.220s] -- Using all available rosidl_typesupport_c: rosidl_typesupport_fastrtps_c;rosidl_typesupport_introspection_c
[0.238s] -- Using all available rosidl_typesupport_cpp: rosidl_typesupport_fastrtps_cpp;rosidl_typesupport_introspection_cpp
[0.305s] -- Found rmw_implementation_cmake: 6.1.0 (/opt/ros/humble/share/rmw_implementation_cmake/cmake)
[0.305s] -- Found rmw_fastrtps_cpp: 6.2.1 (/opt/ros/humble/share/rmw_fastrtps_cpp/cmake)
[0.440s] -- Using RMW implementation 'rmw_fastrtps_cpp' as default
[0.771s] -- Found class_loader: 2.2.0 (/opt/ros/humble/share/class_loader/cmake)
[0.773s] -- Found rclcpp_components: 16.0.1 (/opt/ros/humble/share/rclcpp_components/cmake)
[0.832s] -- Found ros2_shared: 0.1.0 (/home/ALEX/anytrack/ros/install/ros2_shared/share/ros2_shared/cmake)
[0.911s] -- Configuring done
[0.938s] -- Generating done
[0.939s] -- Build files have been written to: /home/ALEX/anytrack/ros/build/opencv_cam
[0.945s] Invoked command in '/home/ALEX/anytrack/ros/build/opencv_cam' returned '0': AMENT_PREFIX_PATH=/home/ALEX/anytrack/ros/install/ros2_shared:${AMENT_PREFIX_PATH} CMAKE_PREFIX_PATH=/home/ALEX/anytrack/ros/install/ros2_shared:/home/ALEX/anytrack/ros/install/test_cpp_pkg:/home/ALEX/anytrack/ros/install/scanner_interfaces:/home/ALEX/anytrack/ros/install/test_py_pkg:/home/ALEX/anytrack/ros/install/scanner:/opt/ros/humble /usr/bin/cmake /home/ALEX/anytrack/ros/src/opencv_cam -DCMAKE_INSTALL_PREFIX=/home/ALEX/anytrack/ros/install/opencv_cam
[0.946s] Invoking command in '/home/ALEX/anytrack/ros/build/opencv_cam': AMENT_PREFIX_PATH=/home/ALEX/anytrack/ros/install/ros2_shared:${AMENT_PREFIX_PATH} CMAKE_PREFIX_PATH=/home/ALEX/anytrack/ros/install/ros2_shared:/home/ALEX/anytrack/ros/install/test_cpp_pkg:/home/ALEX/anytrack/ros/install/scanner_interfaces:/home/ALEX/anytrack/ros/install/test_py_pkg:/home/ALEX/anytrack/ros/install/scanner:/opt/ros/humble /usr/bin/cmake --build /home/ALEX/anytrack/ros/build/opencv_cam -- -j12 -l12
[0.986s] [ 12%] [32mBuilding CXX object CMakeFiles/subscriber_node.dir/src/subscriber_node.cpp.o[0m
[0.986s] [ 25%] [32mBuilding CXX object CMakeFiles/opencv_cam_node.dir/src/opencv_cam_node.cpp.o[0m
[1.301s] In file included from [01m[K/home/ALEX/anytrack/ros/src/opencv_cam/include/opencv_cam/opencv_cam_node.hpp:10[m[K,
[1.301s]                  from [01m[K/home/ALEX/anytrack/ros/src/opencv_cam/src/opencv_cam_node.cpp:1[m[K:
[1.302s] [01m[K/home/ALEX/anytrack/ros/src/opencv_cam/include/opencv_cam/camera_context.hpp:7:10:[m[K [01;31m[Kfatal error: [m[Kros2_shared/context_macros.hpp: No such file or directory
[1.302s]     7 | #include [01;31m[K"ros2_shared/context_macros.hpp"[m[K
[1.302s]       |          [01;31m[K^~~~~~~~~~~~~~~~~~~~~~~~~~~~~~~~[m[K
[1.302s] compilation terminated.
[1.303s] gmake[2]: *** [CMakeFiles/opencv_cam_node.dir/build.make:76: CMakeFiles/opencv_cam_node.dir/src/opencv_cam_node.cpp.o] Error 1
[1.303s] gmake[1]: *** [CMakeFiles/Makefile2:143: CMakeFiles/opencv_cam_node.dir/all] Error 2
[1.303s] gmake[1]: *** Waiting for unfinished jobs....
[8.164s] [ 37%] [32m[1mLinking CXX shared library libsubscriber_node.so[0m
[8.522s] [ 37%] Built target subscriber_node
[8.522s] gmake: *** [Makefile:146: all] Error 2
[8.524s] Invoked command in '/home/ALEX/anytrack/ros/build/opencv_cam' returned '2': AMENT_PREFIX_PATH=/home/ALEX/anytrack/ros/install/ros2_shared:${AMENT_PREFIX_PATH} CMAKE_PREFIX_PATH=/home/ALEX/anytrack/ros/install/ros2_shared:/home/ALEX/anytrack/ros/install/test_cpp_pkg:/home/ALEX/anytrack/ros/install/scanner_interfaces:/home/ALEX/anytrack/ros/install/test_py_pkg:/home/ALEX/anytrack/ros/install/scanner:/opt/ros/humble /usr/bin/cmake --build /home/ALEX/anytrack/ros/build/opencv_cam -- -j12 -l12
